2024-05-01 19:42:08
[INFO]create IO thread(149611). -- /home/river/work/httpserver/src/Tool/ThreadPool.cpp:11
2024-05-01 19:42:08
[INFO]create IO thread(149614). -- /home/river/work/httpserver/src/Tool/ThreadPool.cpp:11
2024-05-01 19:42:08
[INFO]create IO thread(149613). -- /home/river/work/httpserver/src/Tool/ThreadPool.cpp:11
2024-05-01 19:42:08
[INFO]create IO thread(149612). -- /home/river/work/httpserver/src/Tool/ThreadPool.cpp:11
2024-05-01 19:42:25
[INFO]inputbuffer_ size :17 -- /home/river/work/httpserver/src/TcpServer/Connection.cpp:98
2024-05-01 19:42:25
[INFO]2024-05-01 19:42:25 new connection(fd=51,ip=192.168.203.128,port=53946) ok.
 -- /home/river/work/mychat/friend_service/src/FriendServer/FriendServer.cpp:122
2024-05-01 19:42:25
[WARNING]17 -- /home/river/work/httpserver/src/Tool/Buffer.cpp:64
2024-05-01 19:42:25
[INFO]new connection come ! -- /home/river/work/httpserver/src/TcpServer/Acceptor.cpp:30
2024-05-01 19:42:25
[WARNING]0 -- /home/river/work/httpserver/src/Tool/Buffer.cpp:64
2024-05-01 19:42:25
[INFO]10 -- /home/river/work/httpserver/src/TcpServer/Connection.cpp:282
2024-05-01 19:42:25
[WARNING]0 -- /home/river/work/httpserver/src/Tool/Buffer.cpp:64
2024-05-01 19:42:25
[INFO]close callback shared_from_this -- /home/river/work/httpserver/src/TcpServer/Connection.cpp:51
2024-05-01 19:42:25
[INFO]connÂ∑≤ÊûêÊûÑ„ÄÇ -- /home/river/work/httpserver/src/TcpServer/Connection.cpp:22
2024-05-01 19:42:49
[INFO]2024-05-01 19:42:49 new connection(fd=51,ip=192.168.203.128,port=49954) ok.
 -- /home/river/work/mychat/friend_service/src/FriendServer/FriendServer.cpp:122
2024-05-01 19:42:49
[INFO]inputbuffer_ size :17 -- /home/river/work/httpserver/src/TcpServer/Connection.cpp:98
2024-05-01 19:42:49
[INFO]new connection come ! -- /home/river/work/httpserver/src/TcpServer/Acceptor.cpp:30
2024-05-01 19:42:49
[WARNING]17 -- /home/river/work/httpserver/src/Tool/Buffer.cpp:64
2024-05-01 19:42:49
[ERROR]basic_string::_M_construct null not valid -- /home/river/work/httpserver/src/TcpServer/Connection.cpp:133
2024-05-01 19:42:49
[WARNING]0 -- /home/river/work/httpserver/src/Tool/Buffer.cpp:64
2024-05-01 19:50:46
[WARNING]0 -- /home/river/work/httpserver/src/Tool/Buffer.cpp:64
2024-05-01 19:50:46
[INFO]close callback shared_from_this -- /home/river/work/httpserver/src/TcpServer/Connection.cpp:51
2024-05-01 19:50:46
[INFO]connÂ∑≤ÊûêÊûÑ„ÄÇ -- /home/river/work/httpserver/src/TcpServer/Connection.cpp:22
2024-05-01 19:51:08
[INFO]create IO thread(150417). -- /home/river/work/httpserver/src/Tool/ThreadPool.cpp:11
2024-05-01 19:51:08
[INFO]create IO thread(150420). -- /home/river/work/httpserver/src/Tool/ThreadPool.cpp:11
2024-05-01 19:51:08
[INFO]create IO thread(150419). -- /home/river/work/httpserver/src/Tool/ThreadPool.cpp:11
2024-05-01 19:51:08
[INFO]create IO thread(150418). -- /home/river/work/httpserver/src/Tool/ThreadPool.cpp:11
2024-05-01 19:51:38
[INFO]create IO thread(150818). -- /home/river/work/httpserver/src/Tool/ThreadPool.cpp:11
2024-05-01 19:51:38
[INFO]create IO thread(150819). -- /home/river/work/httpserver/src/Tool/ThreadPool.cpp:11
2024-05-01 19:51:38
[INFO]create IO thread(150820). -- /home/river/work/httpserver/src/Tool/ThreadPool.cpp:11
2024-05-01 19:51:38
[INFO]create IO thread(150821). -- /home/river/work/httpserver/src/Tool/ThreadPool.cpp:11
2024-05-01 19:51:46
[INFO]create IO thread(150874). -- /home/river/work/httpserver/src/Tool/ThreadPool.cpp:11
2024-05-01 19:51:46
[INFO]create IO thread(150873). -- /home/river/work/httpserver/src/Tool/ThreadPool.cpp:11
2024-05-01 19:51:46
[INFO]create IO thread(150872). -- /home/river/work/httpserver/src/Tool/ThreadPool.cpp:11
2024-05-01 19:51:46
[INFO]create IO thread(150871). -- /home/river/work/httpserver/src/Tool/ThreadPool.cpp:11
2024-05-01 19:52:17
[INFO]create IO thread(150938). -- /home/river/work/httpserver/src/Tool/ThreadPool.cpp:11
2024-05-01 19:52:17
[INFO]create IO thread(150941). -- /home/river/work/httpserver/src/Tool/ThreadPool.cpp:11
2024-05-01 19:52:17
[INFO]create IO thread(150940). -- /home/river/work/httpserver/src/Tool/ThreadPool.cpp:11
2024-05-01 19:52:17
[INFO]create IO thread(150939). -- /home/river/work/httpserver/src/Tool/ThreadPool.cpp:11
2024-05-01 19:52:21
[INFO]inputbuffer_ size :17 -- /home/river/work/httpserver/src/TcpServer/Connection.cpp:98
2024-05-01 19:52:21
[WARNING]17 -- /home/river/work/httpserver/src/Tool/Buffer.cpp:64
2024-05-01 19:52:21
[INFO]2024-05-01 19:52:21 new connection(fd=51,ip=192.168.203.128,port=55390) ok.
 -- /home/river/work/mychat/friend_service/src/FriendServer/FriendServer.cpp:122
2024-05-01 19:52:21
[INFO]new connection come ! -- /home/river/work/httpserver/src/TcpServer/Acceptor.cpp:30
2024-05-01 19:52:21
[WARNING]0 -- /home/river/work/httpserver/src/Tool/Buffer.cpp:64
2024-05-01 19:52:21
[INFO]10 -- /home/river/work/httpserver/src/TcpServer/Connection.cpp:282
2024-05-01 19:52:21
[WARNING]0 -- /home/river/work/httpserver/src/Tool/Buffer.cpp:64
2024-05-01 19:52:21
[INFO]close callback shared_from_this -- /home/river/work/httpserver/src/TcpServer/Connection.cpp:51
2024-05-01 19:52:21
[INFO]connÂ∑≤ÊûêÊûÑ„ÄÇ -- /home/river/work/httpserver/src/TcpServer/Connection.cpp:22
2024-05-01 19:52:44
[INFO]2024-05-01 19:52:44 new connection(fd=51,ip=192.168.203.128,port=59036) ok.
 -- /home/river/work/mychat/friend_service/src/FriendServer/FriendServer.cpp:122
2024-05-01 19:52:44
[INFO]new connection come ! -- /home/river/work/httpserver/src/TcpServer/Acceptor.cpp:30
2024-05-01 19:52:44
[INFO]inputbuffer_ size :17 -- /home/river/work/httpserver/src/TcpServer/Connection.cpp:98
2024-05-01 19:52:44
[WARNING]17 -- /home/river/work/httpserver/src/Tool/Buffer.cpp:64
2024-05-01 19:52:44
updata error: insert into Friend values(2,3) -- /home/river/work/SQL_Pool/SQL_connect_pool/src/connect.cpp:29
2024-05-01 19:52:44
updata error: insert into Friend values(3,2) -- /home/river/work/SQL_Pool/SQL_connect_pool/src/connect.cpp:29
2024-05-01 19:52:44
[WARNING]0 -- /home/river/work/httpserver/src/Tool/Buffer.cpp:64
2024-05-01 19:52:44
[INFO]1 -- /home/river/work/httpserver/src/TcpServer/Connection.cpp:282
2024-05-01 19:52:44
[WARNING]0 -- /home/river/work/httpserver/src/Tool/Buffer.cpp:64
2024-05-01 19:52:44
[INFO]close callback shared_from_this -- /home/river/work/httpserver/src/TcpServer/Connection.cpp:51
2024-05-01 19:52:44
[INFO]connÂ∑≤ÊûêÊûÑ„ÄÇ -- /home/river/work/httpserver/src/TcpServer/Connection.cpp:22
2024-05-01 19:53:13
[INFO]2024-05-01 19:53:13 new connection(fd=51,ip=192.168.203.128,port=52722) ok.
 -- /home/river/work/mychat/friend_service/src/FriendServer/FriendServer.cpp:122
2024-05-01 19:53:13
[INFO]new connection come ! -- /home/river/work/httpserver/src/TcpServer/Acceptor.cpp:30
2024-05-01 19:53:13
[INFO]inputbuffer_ size :19 -- /home/river/work/httpserver/src/TcpServer/Connection.cpp:98
2024-05-01 19:53:13
[WARNING]19 -- /home/river/work/httpserver/src/Tool/Buffer.cpp:64
2024-05-01 19:53:13
[WARNING]0 -- /home/river/work/httpserver/src/Tool/Buffer.cpp:64
2024-05-01 19:53:13
[INFO]26 -- /home/river/work/httpserver/src/TcpServer/Connection.cpp:282
2024-05-01 19:53:13
[WARNING]0 -- /home/river/work/httpserver/src/Tool/Buffer.cpp:64
2024-05-01 19:53:13
[INFO]close callback shared_from_this -- /home/river/work/httpserver/src/TcpServer/Connection.cpp:51
2024-05-01 19:53:13
[INFO]connÂ∑≤ÊûêÊûÑ„ÄÇ -- /home/river/work/httpserver/src/TcpServer/Connection.cpp:22
2024-05-01 19:53:21
[INFO]2024-05-01 19:53:21 new connection(fd=51,ip=192.168.203.128,port=52734) ok.
 -- /home/river/work/mychat/friend_service/src/FriendServer/FriendServer.cpp:122
2024-05-01 19:53:21
[INFO]new connection come ! -- /home/river/work/httpserver/src/TcpServer/Acceptor.cpp:30
2024-05-01 19:53:21
[INFO]inputbuffer_ size :20 -- /home/river/work/httpserver/src/TcpServer/Connection.cpp:98
2024-05-01 19:53:21
[WARNING]20 -- /home/river/work/httpserver/src/Tool/Buffer.cpp:64
2024-05-01 19:53:21
[ERROR]basic_string::_M_construct null not valid -- /home/river/work/httpserver/src/TcpServer/Connection.cpp:133
2024-05-01 19:53:21
[WARNING]0 -- /home/river/work/httpserver/src/Tool/Buffer.cpp:64
2024-05-01 20:13:29
[INFO]create IO thread(152157). -- /home/river/work/httpserver/src/Tool/ThreadPool.cpp:11
2024-05-01 20:13:29
[INFO]create IO thread(152154). -- /home/river/work/httpserver/src/Tool/ThreadPool.cpp:11
2024-05-01 20:13:29
[INFO]create IO thread(152155). -- /home/river/work/httpserver/src/Tool/ThreadPool.cpp:11
2024-05-01 20:13:29
[INFO]create IO thread(152156). -- /home/river/work/httpserver/src/Tool/ThreadPool.cpp:11
2024-05-01 20:13:51
[INFO]create IO thread(152416). -- /home/river/work/httpserver/src/Tool/ThreadPool.cpp:11
2024-05-01 20:13:51
[INFO]create IO thread(152417). -- /home/river/work/httpserver/src/Tool/ThreadPool.cpp:11
2024-05-01 20:13:51
[INFO]create IO thread(152418). -- /home/river/work/httpserver/src/Tool/ThreadPool.cpp:11
2024-05-01 20:13:51
[INFO]create IO thread(152419). -- /home/river/work/httpserver/src/Tool/ThreadPool.cpp:11
2024-05-01 20:13:56
[INFO]2024-05-01 20:13:56 new connection(fd=51,ip=192.168.203.128,port=33744) ok.
 -- /home/river/work/mychat/friend_service/src/FriendServer/FriendServer.cpp:122
2024-05-01 20:13:56
[INFO]new connection come ! -- /home/river/work/httpserver/src/TcpServer/Acceptor.cpp:30
2024-05-01 20:13:56
[INFO]inputbuffer_ size :17 -- /home/river/work/httpserver/src/TcpServer/Connection.cpp:98
2024-05-01 20:13:56
[WARNING]17 -- /home/river/work/httpserver/src/Tool/Buffer.cpp:64
2024-05-01 20:13:56
[WARNING]0 -- /home/river/work/httpserver/src/Tool/Buffer.cpp:64
2024-05-01 20:13:56
[INFO]10 -- /home/river/work/httpserver/src/TcpServer/Connection.cpp:282
2024-05-01 20:13:56
[WARNING]0 -- /home/river/work/httpserver/src/Tool/Buffer.cpp:64
2024-05-01 20:13:56
[INFO]close callback shared_from_this -- /home/river/work/httpserver/src/TcpServer/Connection.cpp:51
2024-05-01 20:13:56
[INFO]connÂ∑≤ÊûêÊûÑ„ÄÇ -- /home/river/work/httpserver/src/TcpServer/Connection.cpp:22
2024-05-01 20:14:10
[INFO]2024-05-01 20:14:10 new connection(fd=51,ip=192.168.203.128,port=53728) ok.
 -- /home/river/work/mychat/friend_service/src/FriendServer/FriendServer.cpp:122
2024-05-01 20:14:10
[INFO]new connection come ! -- /home/river/work/httpserver/src/TcpServer/Acceptor.cpp:30
2024-05-01 20:14:10
[INFO]inputbuffer_ size :17 -- /home/river/work/httpserver/src/TcpServer/Connection.cpp:98
2024-05-01 20:14:10
[WARNING]17 -- /home/river/work/httpserver/src/Tool/Buffer.cpp:64
2024-05-01 20:14:10
[ERROR]basic_string::_M_construct null not valid -- /home/river/work/httpserver/src/TcpServer/Connection.cpp:133
2024-05-01 20:14:10
[WARNING]0 -- /home/river/work/httpserver/src/Tool/Buffer.cpp:64
2024-05-01 20:20:31
[INFO]create IO thread(153227). -- /home/river/work/httpserver/src/Tool/ThreadPool.cpp:11
2024-05-01 20:20:31
[INFO]create IO thread(153229). -- /home/river/work/httpserver/src/Tool/ThreadPool.cpp:11
2024-05-01 20:20:31
[INFO]create IO thread(153228). -- /home/river/work/httpserver/src/Tool/ThreadPool.cpp:11
2024-05-01 20:20:31
[INFO]create IO thread(153230). -- /home/river/work/httpserver/src/Tool/ThreadPool.cpp:11
2024-05-01 20:20:37
[INFO]create IO thread(153285). -- /home/river/work/httpserver/src/Tool/ThreadPool.cpp:11
2024-05-01 20:20:37
[INFO]create IO thread(153286). -- /home/river/work/httpserver/src/Tool/ThreadPool.cpp:11
2024-05-01 20:20:37
[INFO]create IO thread(153287). -- /home/river/work/httpserver/src/Tool/ThreadPool.cpp:11
2024-05-01 20:20:37
[INFO]create IO thread(153288). -- /home/river/work/httpserver/src/Tool/ThreadPool.cpp:11
2024-05-01 20:20:51
[INFO]create IO thread(153436). -- /home/river/work/httpserver/src/Tool/ThreadPool.cpp:11
2024-05-01 20:20:51
[INFO]create IO thread(153438). -- /home/river/work/httpserver/src/Tool/ThreadPool.cpp:11
2024-05-01 20:20:51
[INFO]create IO thread(153437). -- /home/river/work/httpserver/src/Tool/ThreadPool.cpp:11
2024-05-01 20:20:51
[INFO]create IO thread(153439). -- /home/river/work/httpserver/src/Tool/ThreadPool.cpp:11
2024-05-01 20:20:53
[INFO]create IO thread(153470). -- /home/river/work/httpserver/src/Tool/ThreadPool.cpp:11
2024-05-01 20:20:53
[INFO]create IO thread(153472). -- /home/river/work/httpserver/src/Tool/ThreadPool.cpp:11
2024-05-01 20:20:53
[INFO]create IO thread(153471). -- /home/river/work/httpserver/src/Tool/ThreadPool.cpp:11
2024-05-01 20:20:53
[INFO]create IO thread(153469). -- /home/river/work/httpserver/src/Tool/ThreadPool.cpp:11
2024-05-01 20:21:00
[INFO]2024-05-01 20:21:00 new connection(fd=51,ip=192.168.203.128,port=44184) ok.
 -- /home/river/work/mychat/friend_service/src/FriendServer/FriendServer.cpp:122
2024-05-01 20:21:00
[INFO]new connection come ! -- /home/river/work/httpserver/src/TcpServer/Acceptor.cpp:30
2024-05-01 20:21:00
[INFO]inputbuffer_ size :17 -- /home/river/work/httpserver/src/TcpServer/Connection.cpp:98
2024-05-01 20:21:00
[WARNING]17 -- /home/river/work/httpserver/src/Tool/Buffer.cpp:64
2024-05-01 20:21:00
[WARNING]0 -- /home/river/work/httpserver/src/Tool/Buffer.cpp:64
2024-05-01 20:21:00
[INFO]10 -- /home/river/work/httpserver/src/TcpServer/Connection.cpp:282
2024-05-01 20:21:00
[WARNING]0 -- /home/river/work/httpserver/src/Tool/Buffer.cpp:64
2024-05-01 20:21:00
[INFO]close callback shared_from_this -- /home/river/work/httpserver/src/TcpServer/Connection.cpp:51
2024-05-01 20:21:00
[INFO]connÂ∑≤ÊûêÊûÑ„ÄÇ -- /home/river/work/httpserver/src/TcpServer/Connection.cpp:22
2024-05-01 20:21:15
[INFO]2024-05-01 20:21:15 new connection(fd=51,ip=192.168.203.128,port=47280) ok.
 -- /home/river/work/mychat/friend_service/src/FriendServer/FriendServer.cpp:122
2024-05-01 20:21:15
[INFO]new connection come ! -- /home/river/work/httpserver/src/TcpServer/Acceptor.cpp:30
2024-05-01 20:21:15
[INFO]inputbuffer_ size :17 -- /home/river/work/httpserver/src/TcpServer/Connection.cpp:98
2024-05-01 20:21:15
[WARNING]17 -- /home/river/work/httpserver/src/Tool/Buffer.cpp:64
2024-05-01 20:21:15
updata error: insert into Friend values(2,3) -- /home/river/work/SQL_Pool/SQL_connect_pool/src/connect.cpp:29
2024-05-01 20:21:15
updata error: insert into Friend values(3,2) -- /home/river/work/SQL_Pool/SQL_connect_pool/src/connect.cpp:29
2024-05-01 20:21:15
[WARNING]0 -- /home/river/work/httpserver/src/Tool/Buffer.cpp:64
2024-05-01 20:21:15
[INFO]1 -- /home/river/work/httpserver/src/TcpServer/Connection.cpp:282
2024-05-01 20:21:15
[WARNING]0 -- /home/river/work/httpserver/src/Tool/Buffer.cpp:64
2024-05-01 20:21:15
[INFO]close callback shared_from_this -- /home/river/work/httpserver/src/TcpServer/Connection.cpp:51
2024-05-01 20:21:15
[INFO]connÂ∑≤ÊûêÊûÑ„ÄÇ -- /home/river/work/httpserver/src/TcpServer/Connection.cpp:22
2024-05-01 20:21:23
[INFO]2024-05-01 20:21:23 new connection(fd=51,ip=192.168.203.128,port=46660) ok.
 -- /home/river/work/mychat/friend_service/src/FriendServer/FriendServer.cpp:122
2024-05-01 20:21:23
[INFO]new connection come ! -- /home/river/work/httpserver/src/TcpServer/Acceptor.cpp:30
2024-05-01 20:21:23
[INFO]inputbuffer_ size :19 -- /home/river/work/httpserver/src/TcpServer/Connection.cpp:98
2024-05-01 20:21:23
[WARNING]19 -- /home/river/work/httpserver/src/Tool/Buffer.cpp:64
2024-05-01 20:21:23
[WARNING]0 -- /home/river/work/httpserver/src/Tool/Buffer.cpp:64
2024-05-01 20:21:23
[INFO]38 -- /home/river/work/httpserver/src/TcpServer/Connection.cpp:282
2024-05-01 20:21:23
[WARNING]0 -- /home/river/work/httpserver/src/Tool/Buffer.cpp:64
2024-05-01 20:21:23
[INFO]close callback shared_from_this -- /home/river/work/httpserver/src/TcpServer/Connection.cpp:51
2024-05-01 20:21:23
[INFO]connÂ∑≤ÊûêÊûÑ„ÄÇ -- /home/river/work/httpserver/src/TcpServer/Connection.cpp:22
2024-05-01 20:21:29
[INFO]2024-05-01 20:21:29 new connection(fd=51,ip=192.168.203.128,port=46662) ok.
 -- /home/river/work/mychat/friend_service/src/FriendServer/FriendServer.cpp:122
2024-05-01 20:21:29
[INFO]new connection come ! -- /home/river/work/httpserver/src/TcpServer/Acceptor.cpp:30
2024-05-01 20:21:29
[INFO]inputbuffer_ size :20 -- /home/river/work/httpserver/src/TcpServer/Connection.cpp:98
2024-05-01 20:21:29
[WARNING]20 -- /home/river/work/httpserver/src/Tool/Buffer.cpp:64
2024-05-01 20:21:29
[ERROR]basic_string::_M_construct null not valid -- /home/river/work/httpserver/src/TcpServer/Connection.cpp:133
2024-05-01 20:21:29
[WARNING]0 -- /home/river/work/httpserver/src/Tool/Buffer.cpp:64
2024-05-01 20:26:43
[INFO]create IO thread(154468). -- /home/river/work/httpserver/src/Tool/ThreadPool.cpp:11
2024-05-01 20:26:43
[INFO]create IO thread(154469). -- /home/river/work/httpserver/src/Tool/ThreadPool.cpp:11
2024-05-01 20:26:43
[INFO]create IO thread(154471). -- /home/river/work/httpserver/src/Tool/ThreadPool.cpp:11
2024-05-01 20:26:43
[INFO]create IO thread(154470). -- /home/river/work/httpserver/src/Tool/ThreadPool.cpp:11
2024-05-01 20:27:30
[INFO]create IO thread(154913). -- /home/river/work/httpserver/src/Tool/ThreadPool.cpp:11
2024-05-01 20:27:30
[INFO]create IO thread(154915). -- /home/river/work/httpserver/src/Tool/ThreadPool.cpp:11
2024-05-01 20:27:30
[INFO]create IO thread(154914). -- /home/river/work/httpserver/src/Tool/ThreadPool.cpp:11
2024-05-01 20:27:30
[INFO]create IO thread(154916). -- /home/river/work/httpserver/src/Tool/ThreadPool.cpp:11
2024-05-01 20:27:38
[INFO]inputbuffer_ size :17 -- /home/river/work/httpserver/src/TcpServer/Connection.cpp:98
2024-05-01 20:27:38
[WARNING]17 -- /home/river/work/httpserver/src/Tool/Buffer.cpp:64
2024-05-01 20:27:38
[INFO]2024-05-01 20:27:38 new connection(fd=51,ip=192.168.203.128,port=49522) ok.
 -- /home/river/work/mychat/friend_service/src/FriendServer/FriendServer.cpp:122
2024-05-01 20:27:38
[INFO]new connection come ! -- /home/river/work/httpserver/src/TcpServer/Acceptor.cpp:30
2024-05-01 20:27:38
[WARNING]TcpServer onmessage -- /home/river/work/httpserver/src/TcpServer/TcpServer.cpp:104
2024-05-01 20:27:38
[WARNING]0 -- /home/river/work/httpserver/src/Tool/Buffer.cpp:64
2024-05-01 20:27:38
[INFO]10 -- /home/river/work/httpserver/src/TcpServer/Connection.cpp:282
2024-05-01 20:27:38
[WARNING]0 -- /home/river/work/httpserver/src/Tool/Buffer.cpp:64
2024-05-01 20:27:38
[INFO]close callback shared_from_this -- /home/river/work/httpserver/src/TcpServer/Connection.cpp:51
2024-05-01 20:27:38
[INFO]connÂ∑≤ÊûêÊûÑ„ÄÇ -- /home/river/work/httpserver/src/TcpServer/Connection.cpp:22
2024-05-01 20:27:39
[INFO]2024-05-01 20:27:39 new connection(fd=51,ip=192.168.203.128,port=49538) ok.
 -- /home/river/work/mychat/friend_service/src/FriendServer/FriendServer.cpp:122
2024-05-01 20:27:39
[INFO]inputbuffer_ size :17 -- /home/river/work/httpserver/src/TcpServer/Connection.cpp:98
2024-05-01 20:27:39
[INFO]new connection come ! -- /home/river/work/httpserver/src/TcpServer/Acceptor.cpp:30
2024-05-01 20:27:39
[WARNING]17 -- /home/river/work/httpserver/src/Tool/Buffer.cpp:64
2024-05-01 20:27:39
[WARNING]TcpServer onmessage -- /home/river/work/httpserver/src/TcpServer/TcpServer.cpp:104
2024-05-01 20:27:39
[ERROR]basic_string::_M_construct null not valid -- /home/river/work/httpserver/src/TcpServer/Connection.cpp:133
2024-05-01 20:27:39
[WARNING]0 -- /home/river/work/httpserver/src/Tool/Buffer.cpp:64
2024-05-01 20:36:41
[INFO]create IO thread(155745). -- /home/river/work/httpserver/src/Tool/ThreadPool.cpp:11
2024-05-01 20:36:41
[INFO]create IO thread(155743). -- /home/river/work/httpserver/src/Tool/ThreadPool.cpp:11
2024-05-01 20:36:41
[INFO]create IO thread(155742). -- /home/river/work/httpserver/src/Tool/ThreadPool.cpp:11
2024-05-01 20:36:41
[INFO]create IO thread(155744). -- /home/river/work/httpserver/src/Tool/ThreadPool.cpp:11
2024-05-01 20:36:45
[INFO]2024-05-01 20:36:44 new connection(fd=51,ip=192.168.203.128,port=58972) ok.
 -- /home/river/work/mychat/friend_service/src/FriendServer/FriendServer.cpp:125
2024-05-01 20:36:45
[INFO]new connection come ! -- /home/river/work/httpserver/src/TcpServer/Acceptor.cpp:30
2024-05-01 20:36:45
[INFO]inputbuffer_ size :17 -- /home/river/work/httpserver/src/TcpServer/Connection.cpp:98
2024-05-01 20:36:45
[WARNING]17 -- /home/river/work/httpserver/src/Tool/Buffer.cpp:64
2024-05-01 20:36:45
[WARNING]TcpServer onmessage -- /home/river/work/httpserver/src/TcpServer/TcpServer.cpp:104
2024-05-01 20:36:45
[WARNING]get user info rjiang -- /home/river/work/mychat/friend_service/src/FriendServer/FriendServer.cpp:169
2024-05-01 20:36:45
[WARNING]0 -- /home/river/work/httpserver/src/Tool/Buffer.cpp:64
2024-05-01 20:36:45
[INFO]10 -- /home/river/work/httpserver/src/TcpServer/Connection.cpp:282
2024-05-01 20:36:45
[WARNING]0 -- /home/river/work/httpserver/src/Tool/Buffer.cpp:64
2024-05-01 20:36:45
[INFO]close callback shared_from_this -- /home/river/work/httpserver/src/TcpServer/Connection.cpp:51
2024-05-01 20:36:45
[INFO]connÂ∑≤ÊûêÊûÑ„ÄÇ -- /home/river/work/httpserver/src/TcpServer/Connection.cpp:22
2024-05-01 20:36:46
[INFO]2024-05-01 20:36:46 new connection(fd=51,ip=192.168.203.128,port=58986) ok.
 -- /home/river/work/mychat/friend_service/src/FriendServer/FriendServer.cpp:125
2024-05-01 20:36:46
[INFO]new connection come ! -- /home/river/work/httpserver/src/TcpServer/Acceptor.cpp:30
2024-05-01 20:36:46
[INFO]inputbuffer_ size :17 -- /home/river/work/httpserver/src/TcpServer/Connection.cpp:98
2024-05-01 20:36:46
[WARNING]17 -- /home/river/work/httpserver/src/Tool/Buffer.cpp:64
2024-05-01 20:36:46
[WARNING]TcpServer onmessage -- /home/river/work/httpserver/src/TcpServer/TcpServer.cpp:104
2024-05-01 20:36:46
[WARNING]add_friend before -- /home/river/work/mychat/friend_service/src/FriendServer/FriendServer.cpp:80
2024-05-01 20:36:46
[WARNING]add_friend after -- /home/river/work/mychat/friend_service/src/FriendServer/FriendServer.cpp:82
2024-05-01 20:36:46
[ERROR]basic_string::_M_construct null not valid -- /home/river/work/httpserver/src/TcpServer/Connection.cpp:133
2024-05-01 20:36:46
[WARNING]0 -- /home/river/work/httpserver/src/Tool/Buffer.cpp:64
2024-05-01 20:50:04
[INFO]create IO thread(157144). -- /home/river/work/httpserver/src/Tool/ThreadPool.cpp:11
2024-05-01 20:50:04
[INFO]create IO thread(157146). -- /home/river/work/httpserver/src/Tool/ThreadPool.cpp:11
2024-05-01 20:50:04
[INFO]create IO thread(157143). -- /home/river/work/httpserver/src/Tool/ThreadPool.cpp:11
2024-05-01 20:50:04
[INFO]create IO thread(157145). -- /home/river/work/httpserver/src/Tool/ThreadPool.cpp:11
2024-05-01 20:50:28
[INFO]inputbuffer_ size :17 -- /home/river/work/httpserver/src/TcpServer/Connection.cpp:98
2024-05-01 20:50:28
[WARNING]17 -- /home/river/work/httpserver/src/Tool/Buffer.cpp:64
2024-05-01 20:50:28
[WARNING]TcpServer onmessage -- /home/river/work/httpserver/src/TcpServer/TcpServer.cpp:104
2024-05-01 20:50:28
[INFO]2024-05-01 20:50:28 new connection(fd=51,ip=192.168.203.128,port=57526) ok.
 -- /home/river/work/mychat/friend_service/src/FriendServer/FriendServer.cpp:136
2024-05-01 20:50:28
[INFO]new connection come ! -- /home/river/work/httpserver/src/TcpServer/Acceptor.cpp:30
2024-05-01 20:50:28
[WARNING]get user info rjiang -- /home/river/work/mychat/friend_service/src/FriendServer/FriendServer.cpp:180
2024-05-01 20:50:28
[WARNING]0 -- /home/river/work/httpserver/src/Tool/Buffer.cpp:64
2024-05-01 20:50:28
[INFO]10 -- /home/river/work/httpserver/src/TcpServer/Connection.cpp:282
2024-05-01 20:50:28
[WARNING]0 -- /home/river/work/httpserver/src/Tool/Buffer.cpp:64
2024-05-01 20:50:28
[INFO]close callback shared_from_this -- /home/river/work/httpserver/src/TcpServer/Connection.cpp:51
2024-05-01 20:50:28
[INFO]connÂ∑≤ÊûêÊûÑ„ÄÇ -- /home/river/work/httpserver/src/TcpServer/Connection.cpp:22
2024-05-01 20:50:29
[INFO]2024-05-01 20:50:29 new connection(fd=51,ip=192.168.203.128,port=57540) ok.
 -- /home/river/work/mychat/friend_service/src/FriendServer/FriendServer.cpp:136
2024-05-01 20:50:29
[INFO]new connection come ! -- /home/river/work/httpserver/src/TcpServer/Acceptor.cpp:30
2024-05-01 20:50:29
[INFO]inputbuffer_ size :17 -- /home/river/work/httpserver/src/TcpServer/Connection.cpp:98
2024-05-01 20:50:29
[WARNING]17 -- /home/river/work/httpserver/src/Tool/Buffer.cpp:64
2024-05-01 20:50:29
[WARNING]TcpServer onmessage -- /home/river/work/httpserver/src/TcpServer/TcpServer.cpp:104
2024-05-01 20:50:29
[WARNING]add_friend before -- /home/river/work/mychat/friend_service/src/FriendServer/FriendServer.cpp:80
2024-05-01 20:50:29
[WARNING]add_friend after -- /home/river/work/mychat/friend_service/src/FriendServer/FriendServer.cpp:82
2024-05-01 20:50:29
[WARNING]1 -- /home/river/work/mychat/friend_service/src/FriendServer/FriendServer.cpp:83
2024-05-01 20:50:29
[ERROR]basic_string::_M_construct null not valid -- /home/river/work/httpserver/src/TcpServer/Connection.cpp:133
2024-05-01 20:50:29
[WARNING]0 -- /home/river/work/httpserver/src/Tool/Buffer.cpp:64
2024-05-01 21:04:56
[INFO]create IO thread(158432). -- /home/river/work/httpserver/src/Tool/ThreadPool.cpp:11
2024-05-01 21:04:56
[INFO]create IO thread(158433). -- /home/river/work/httpserver/src/Tool/ThreadPool.cpp:11
2024-05-01 21:04:56
[INFO]create IO thread(158434). -- /home/river/work/httpserver/src/Tool/ThreadPool.cpp:11
2024-05-01 21:04:56
[INFO]create IO thread(158435). -- /home/river/work/httpserver/src/Tool/ThreadPool.cpp:11
2024-05-01 21:05:19
[INFO]create IO thread(158590). -- /home/river/work/httpserver/src/Tool/ThreadPool.cpp:11
2024-05-01 21:05:19
[INFO]create IO thread(158591). -- /home/river/work/httpserver/src/Tool/ThreadPool.cpp:11
2024-05-01 21:05:19
[INFO]create IO thread(158589). -- /home/river/work/httpserver/src/Tool/ThreadPool.cpp:11
2024-05-01 21:05:19
[INFO]create IO thread(158588). -- /home/river/work/httpserver/src/Tool/ThreadPool.cpp:11
2024-05-01 21:05:25
[INFO]2024-05-01 21:05:25 new connection(fd=51,ip=192.168.203.128,port=35556) ok.
 -- /home/river/work/mychat/friend_service/src/FriendServer/FriendServer.cpp:137
2024-05-01 21:05:25
[INFO]new connection come ! -- /home/river/work/httpserver/src/TcpServer/Acceptor.cpp:30
2024-05-01 21:05:25
[INFO]inputbuffer_ size :17 -- /home/river/work/httpserver/src/TcpServer/Connection.cpp:98
2024-05-01 21:05:25
[WARNING]17 -- /home/river/work/httpserver/src/Tool/Buffer.cpp:64
2024-05-01 21:05:25
[WARNING]TcpServer onmessage -- /home/river/work/httpserver/src/TcpServer/TcpServer.cpp:104
2024-05-01 21:05:25
[WARNING]get user info rjiang -- /home/river/work/mychat/friend_service/src/FriendServer/FriendServer.cpp:181
2024-05-01 21:05:25
[WARNING]0 -- /home/river/work/httpserver/src/Tool/Buffer.cpp:64
2024-05-01 21:05:25
[INFO]10 -- /home/river/work/httpserver/src/TcpServer/Connection.cpp:282
2024-05-01 21:05:25
[WARNING]0 -- /home/river/work/httpserver/src/Tool/Buffer.cpp:64
2024-05-01 21:05:25
[INFO]close callback shared_from_this -- /home/river/work/httpserver/src/TcpServer/Connection.cpp:51
2024-05-01 21:05:25
[INFO]connÂ∑≤ÊûêÊûÑ„ÄÇ -- /home/river/work/httpserver/src/TcpServer/Connection.cpp:22
2024-05-01 21:05:26
[INFO]2024-05-01 21:05:26 new connection(fd=51,ip=192.168.203.128,port=35564) ok.
 -- /home/river/work/mychat/friend_service/src/FriendServer/FriendServer.cpp:137
2024-05-01 21:05:26
[INFO]new connection come ! -- /home/river/work/httpserver/src/TcpServer/Acceptor.cpp:30
2024-05-01 21:05:26
[INFO]inputbuffer_ size :17 -- /home/river/work/httpserver/src/TcpServer/Connection.cpp:98
2024-05-01 21:05:26
[WARNING]17 -- /home/river/work/httpserver/src/Tool/Buffer.cpp:64
2024-05-01 21:05:26
[WARNING]TcpServer onmessage -- /home/river/work/httpserver/src/TcpServer/TcpServer.cpp:104
2024-05-01 21:05:26
[WARNING]add_friend before -- /home/river/work/mychat/friend_service/src/FriendServer/FriendServer.cpp:80
2024-05-01 21:05:26
[WARNING]add_friend after -- /home/river/work/mychat/friend_service/src/FriendServer/FriendServer.cpp:82
2024-05-01 21:05:26
[WARNING]1 -- /home/river/work/mychat/friend_service/src/FriendServer/FriendServer.cpp:83
2024-05-01 21:05:26
[WARNING]friend id:3 -- /home/river/work/mychat/friend_service/src/FriendServer/FriendServer.cpp:84
2024-05-01 21:05:26
[WARNING]redisCli is_exist -- /home/river/work/mychat/friend_service/src/FriendServer/redis.cpp:41
2024-05-01 21:05:26
[WARNING]redisCli get_host -- /home/river/work/mychat/friend_service/src/FriendServer/redis.cpp:55
2024-05-01 21:05:26
[ERROR]basic_string::_M_construct null not valid -- /home/river/work/httpserver/src/TcpServer/Connection.cpp:133
2024-05-01 21:05:26
[WARNING]0 -- /home/river/work/httpserver/src/Tool/Buffer.cpp:64
2024-05-01 21:08:21
[INFO]create IO thread(159009). -- /home/river/work/httpserver/src/Tool/ThreadPool.cpp:11
2024-05-01 21:08:21
[INFO]create IO thread(159006). -- /home/river/work/httpserver/src/Tool/ThreadPool.cpp:11
2024-05-01 21:08:21
[INFO]create IO thread(159007). -- /home/river/work/httpserver/src/Tool/ThreadPool.cpp:11
2024-05-01 21:08:21
[INFO]create IO thread(159008). -- /home/river/work/httpserver/src/Tool/ThreadPool.cpp:11
2024-05-01 21:09:49
[INFO]create IO thread(159098). -- /home/river/work/httpserver/src/Tool/ThreadPool.cpp:11
2024-05-01 21:09:49
[INFO]create IO thread(159099). -- /home/river/work/httpserver/src/Tool/ThreadPool.cpp:11
2024-05-01 21:09:49
[INFO]create IO thread(159097). -- /home/river/work/httpserver/src/Tool/ThreadPool.cpp:11
2024-05-01 21:09:49
[INFO]create IO thread(159096). -- /home/river/work/httpserver/src/Tool/ThreadPool.cpp:11
2024-05-01 21:09:55
[INFO]inputbuffer_ size :17 -- /home/river/work/httpserver/src/TcpServer/Connection.cpp:98
2024-05-01 21:09:55
[WARNING]17 -- /home/river/work/httpserver/src/Tool/Buffer.cpp:64
2024-05-01 21:09:55
[WARNING]TcpServer onmessage -- /home/river/work/httpserver/src/TcpServer/TcpServer.cpp:104
2024-05-01 21:09:55
[INFO]2024-05-01 21:09:55 new connection(fd=51,ip=192.168.203.128,port=39808) ok.
 -- /home/river/work/mychat/friend_service/src/FriendServer/FriendServer.cpp:137
2024-05-01 21:09:55
[INFO]new connection come ! -- /home/river/work/httpserver/src/TcpServer/Acceptor.cpp:30
2024-05-01 21:09:55
[WARNING]get user info rjiang -- /home/river/work/mychat/friend_service/src/FriendServer/FriendServer.cpp:181
2024-05-01 21:09:55
[WARNING]0 -- /home/river/work/httpserver/src/Tool/Buffer.cpp:64
2024-05-01 21:09:55
[INFO]10 -- /home/river/work/httpserver/src/TcpServer/Connection.cpp:282
2024-05-01 21:09:55
[WARNING]0 -- /home/river/work/httpserver/src/Tool/Buffer.cpp:64
2024-05-01 21:09:55
[INFO]close callback shared_from_this -- /home/river/work/httpserver/src/TcpServer/Connection.cpp:51
2024-05-01 21:09:55
[INFO]connÂ∑≤ÊûêÊûÑ„ÄÇ -- /home/river/work/httpserver/src/TcpServer/Connection.cpp:22
2024-05-01 21:09:56
[INFO]2024-05-01 21:09:56 new connection(fd=51,ip=192.168.203.128,port=39818) ok.
 -- /home/river/work/mychat/friend_service/src/FriendServer/FriendServer.cpp:137
2024-05-01 21:09:56
[INFO]new connection come ! -- /home/river/work/httpserver/src/TcpServer/Acceptor.cpp:30
2024-05-01 21:09:56
[INFO]inputbuffer_ size :17 -- /home/river/work/httpserver/src/TcpServer/Connection.cpp:98
2024-05-01 21:09:56
[WARNING]17 -- /home/river/work/httpserver/src/Tool/Buffer.cpp:64
2024-05-01 21:09:56
[WARNING]TcpServer onmessage -- /home/river/work/httpserver/src/TcpServer/TcpServer.cpp:104
2024-05-01 21:09:56
[WARNING]add_friend before -- /home/river/work/mychat/friend_service/src/FriendServer/FriendServer.cpp:80
2024-05-01 21:09:56
updata error: insert into Friend values(2,3) -- /home/river/work/SQL_Pool/SQL_connect_pool/src/connect.cpp:29
2024-05-01 21:09:56
updata error: insert into Friend values(3,2) -- /home/river/work/SQL_Pool/SQL_connect_pool/src/connect.cpp:29
2024-05-01 21:09:56
[WARNING]add_friend after -- /home/river/work/mychat/friend_service/src/FriendServer/FriendServer.cpp:82
2024-05-01 21:09:56
[WARNING]0 -- /home/river/work/mychat/friend_service/src/FriendServer/FriendServer.cpp:83
2024-05-01 21:09:56
[WARNING]friend id:3 -- /home/river/work/mychat/friend_service/src/FriendServer/FriendServer.cpp:84
2024-05-01 21:09:56
[WARNING]0 -- /home/river/work/httpserver/src/Tool/Buffer.cpp:64
2024-05-01 21:09:56
[INFO]18 -- /home/river/work/httpserver/src/TcpServer/Connection.cpp:282
2024-05-01 21:09:56
[WARNING]0 -- /home/river/work/httpserver/src/Tool/Buffer.cpp:64
2024-05-01 21:09:56
[INFO]close callback shared_from_this -- /home/river/work/httpserver/src/TcpServer/Connection.cpp:51
2024-05-01 21:09:56
[INFO]connÂ∑≤ÊûêÊûÑ„ÄÇ -- /home/river/work/httpserver/src/TcpServer/Connection.cpp:22
2024-05-01 21:11:09
[INFO]2024-05-01 21:11:09 new connection(fd=51,ip=192.168.203.128,port=39058) ok.
 -- /home/river/work/mychat/friend_service/src/FriendServer/FriendServer.cpp:137
2024-05-01 21:11:09
[INFO]new connection come ! -- /home/river/work/httpserver/src/TcpServer/Acceptor.cpp:30
2024-05-01 21:11:09
[INFO]inputbuffer_ size :17 -- /home/river/work/httpserver/src/TcpServer/Connection.cpp:98
2024-05-01 21:11:09
[WARNING]17 -- /home/river/work/httpserver/src/Tool/Buffer.cpp:64
2024-05-01 21:11:09
[WARNING]TcpServer onmessage -- /home/river/work/httpserver/src/TcpServer/TcpServer.cpp:104
2024-05-01 21:11:09
[WARNING]get user info rjiang -- /home/river/work/mychat/friend_service/src/FriendServer/FriendServer.cpp:181
2024-05-01 21:11:09
[WARNING]0 -- /home/river/work/httpserver/src/Tool/Buffer.cpp:64
2024-05-01 21:11:09
[INFO]10 -- /home/river/work/httpserver/src/TcpServer/Connection.cpp:282
2024-05-01 21:11:09
[WARNING]0 -- /home/river/work/httpserver/src/Tool/Buffer.cpp:64
2024-05-01 21:11:09
[INFO]close callback shared_from_this -- /home/river/work/httpserver/src/TcpServer/Connection.cpp:51
2024-05-01 21:11:09
[INFO]connÂ∑≤ÊûêÊûÑ„ÄÇ -- /home/river/work/httpserver/src/TcpServer/Connection.cpp:22
2024-05-01 21:11:11
[INFO]2024-05-01 21:11:11 new connection(fd=51,ip=192.168.203.128,port=39074) ok.
 -- /home/river/work/mychat/friend_service/src/FriendServer/FriendServer.cpp:137
2024-05-01 21:11:11
[INFO]new connection come ! -- /home/river/work/httpserver/src/TcpServer/Acceptor.cpp:30
2024-05-01 21:11:11
[INFO]inputbuffer_ size :17 -- /home/river/work/httpserver/src/TcpServer/Connection.cpp:98
2024-05-01 21:11:11
[WARNING]17 -- /home/river/work/httpserver/src/Tool/Buffer.cpp:64
2024-05-01 21:11:11
[WARNING]TcpServer onmessage -- /home/river/work/httpserver/src/TcpServer/TcpServer.cpp:104
2024-05-01 21:11:11
[WARNING]add_friend before -- /home/river/work/mychat/friend_service/src/FriendServer/FriendServer.cpp:80
2024-05-01 21:11:11
[WARNING]add_friend after -- /home/river/work/mychat/friend_service/src/FriendServer/FriendServer.cpp:82
2024-05-01 21:11:11
[WARNING]1 -- /home/river/work/mychat/friend_service/src/FriendServer/FriendServer.cpp:83
2024-05-01 21:11:11
[WARNING]friend id:3 -- /home/river/work/mychat/friend_service/src/FriendServer/FriendServer.cpp:84
2024-05-01 21:11:11
[WARNING]redisCli is_exist -- /home/river/work/mychat/friend_service/src/FriendServer/redis.cpp:41
2024-05-01 21:11:11
[WARNING]redisCli get_host 3 -- /home/river/work/mychat/friend_service/src/FriendServer/redis.cpp:55
2024-05-01 21:11:11
[WARNING]redisCli get_host reply is nullptr -- /home/river/work/mychat/friend_service/src/FriendServer/redis.cpp:59
2024-05-01 21:11:11
[WARNING]redisCli is_exist -- /home/river/work/mychat/friend_service/src/FriendServer/redis.cpp:41
2024-05-01 21:11:11
[WARNING]redisCli get_host 2 -- /home/river/work/mychat/friend_service/src/FriendServer/redis.cpp:55
2024-05-01 21:11:11
[WARNING]2 add friend 3 -- /home/river/work/mychat/friend_service/src/FriendServer/FriendServer.cpp:92
2024-05-01 21:11:11
[WARNING]get user info rjiang -- /home/river/work/mychat/friend_service/src/FriendServer/FriendServer.cpp:181
2024-05-01 21:11:11
[WARNING]user' name:¿†üæÙs -- /home/river/work/mychat/friend_service/src/FriendServer/FriendServer.cpp:94
2024-05-01 21:11:11
[WARNING]redisCli is_exist -- /home/river/work/mychat/friend_service/src/FriendServer/redis.cpp:41
2024-05-01 21:11:11
[WARNING]redisCli get_host 2 -- /home/river/work/mychat/friend_service/src/FriendServer/redis.cpp:55
2024-05-01 21:11:11
[WARNING]0 -- /home/river/work/httpserver/src/Tool/Buffer.cpp:64
2024-05-01 21:11:11
[INFO]2 -- /home/river/work/httpserver/src/TcpServer/Connection.cpp:282
2024-05-01 21:11:11
[WARNING]0 -- /home/river/work/httpserver/src/Tool/Buffer.cpp:64
2024-05-01 21:11:11
[INFO]close callback shared_from_this -- /home/river/work/httpserver/src/TcpServer/Connection.cpp:51
2024-05-01 21:11:11
[INFO]connÂ∑≤ÊûêÊûÑ„ÄÇ -- /home/river/work/httpserver/src/TcpServer/Connection.cpp:22
2024-05-01 21:22:32
[INFO]create IO thread(159949). -- /home/river/work/httpserver/src/Tool/ThreadPool.cpp:11
2024-05-01 21:22:32
[INFO]create IO thread(159952). -- /home/river/work/httpserver/src/Tool/ThreadPool.cpp:11
2024-05-01 21:22:32
[INFO]create IO thread(159951). -- /home/river/work/httpserver/src/Tool/ThreadPool.cpp:11
2024-05-01 21:22:32
[INFO]create IO thread(159950). -- /home/river/work/httpserver/src/Tool/ThreadPool.cpp:11
2024-05-01 21:22:49
[INFO]create IO thread(160137). -- /home/river/work/httpserver/src/Tool/ThreadPool.cpp:11
2024-05-01 21:22:49
[INFO]create IO thread(160139). -- /home/river/work/httpserver/src/Tool/ThreadPool.cpp:11
2024-05-01 21:22:49
[INFO]create IO thread(160138). -- /home/river/work/httpserver/src/Tool/ThreadPool.cpp:11
2024-05-01 21:22:49
[INFO]create IO thread(160140). -- /home/river/work/httpserver/src/Tool/ThreadPool.cpp:11
2024-05-01 21:23:03
[INFO]create IO thread(160326). -- /home/river/work/httpserver/src/Tool/ThreadPool.cpp:11
2024-05-01 21:23:03
[INFO]create IO thread(160325). -- /home/river/work/httpserver/src/Tool/ThreadPool.cpp:11
2024-05-01 21:23:03
[INFO]create IO thread(160324). -- /home/river/work/httpserver/src/Tool/ThreadPool.cpp:11
2024-05-01 21:23:03
[INFO]create IO thread(160323). -- /home/river/work/httpserver/src/Tool/ThreadPool.cpp:11
2024-05-01 21:23:10
[INFO]2024-05-01 21:23:10 new connection(fd=51,ip=192.168.203.128,port=58744) ok.
 -- /home/river/work/mychat/friend_service/src/FriendServer/FriendServer.cpp:137
2024-05-01 21:23:10
[INFO]new connection come ! -- /home/river/work/httpserver/src/TcpServer/Acceptor.cpp:30
2024-05-01 21:23:10
[INFO]inputbuffer_ size :17 -- /home/river/work/httpserver/src/TcpServer/Connection.cpp:98
2024-05-01 21:23:10
[WARNING]17 -- /home/river/work/httpserver/src/Tool/Buffer.cpp:64
2024-05-01 21:23:10
[WARNING]TcpServer onmessage -- /home/river/work/httpserver/src/TcpServer/TcpServer.cpp:104
2024-05-01 21:23:10
[WARNING]get user info rjiang -- /home/river/work/mychat/friend_service/src/FriendServer/FriendServer.cpp:181
2024-05-01 21:23:10
[WARNING]0 -- /home/river/work/httpserver/src/Tool/Buffer.cpp:64
2024-05-01 21:23:10
[INFO]10 -- /home/river/work/httpserver/src/TcpServer/Connection.cpp:282
2024-05-01 21:23:10
[WARNING]0 -- /home/river/work/httpserver/src/Tool/Buffer.cpp:64
2024-05-01 21:23:10
[INFO]close callback shared_from_this -- /home/river/work/httpserver/src/TcpServer/Connection.cpp:51
2024-05-01 21:23:10
[INFO]connÂ∑≤ÊûêÊûÑ„ÄÇ -- /home/river/work/httpserver/src/TcpServer/Connection.cpp:22
2024-05-01 21:23:10
[INFO]2024-05-01 21:23:10 new connection(fd=51,ip=192.168.203.128,port=58754) ok.
 -- /home/river/work/mychat/friend_service/src/FriendServer/FriendServer.cpp:137
2024-05-01 21:23:10
[INFO]inputbuffer_ size :17 -- /home/river/work/httpserver/src/TcpServer/Connection.cpp:98
2024-05-01 21:23:10
[WARNING]17 -- /home/river/work/httpserver/src/Tool/Buffer.cpp:64
2024-05-01 21:23:10
[WARNING]TcpServer onmessage -- /home/river/work/httpserver/src/TcpServer/TcpServer.cpp:104
2024-05-01 21:23:10
[WARNING]add_friend before -- /home/river/work/mychat/friend_service/src/FriendServer/FriendServer.cpp:80
2024-05-01 21:23:10
[INFO]new connection come ! -- /home/river/work/httpserver/src/TcpServer/Acceptor.cpp:30
2024-05-01 21:23:10
[WARNING]add_friend after -- /home/river/work/mychat/friend_service/src/FriendServer/FriendServer.cpp:82
2024-05-01 21:23:10
[WARNING]1 -- /home/river/work/mychat/friend_service/src/FriendServer/FriendServer.cpp:83
2024-05-01 21:23:10
[WARNING]friend id:3 -- /home/river/work/mychat/friend_service/src/FriendServer/FriendServer.cpp:84
2024-05-01 21:23:10
[WARNING]redisCli is_exist -- /home/river/work/mychat/friend_service/src/FriendServer/redis.cpp:41
2024-05-01 21:23:10
[WARNING]redisCli get_host 3 -- /home/river/work/mychat/friend_service/src/FriendServer/redis.cpp:55
2024-05-01 21:23:10
[WARNING]redisCli get_host reply is nullptr -- /home/river/work/mychat/friend_service/src/FriendServer/redis.cpp:59
2024-05-01 21:23:10
[WARNING]redisCli is_exist -- /home/river/work/mychat/friend_service/src/FriendServer/redis.cpp:41
2024-05-01 21:23:10
[WARNING]redisCli get_host 2 -- /home/river/work/mychat/friend_service/src/FriendServer/redis.cpp:55
2024-05-01 21:23:10
[WARNING]2 add friend 3 -- /home/river/work/mychat/friend_service/src/FriendServer/FriendServer.cpp:92
2024-05-01 21:23:10
[WARNING]get user info rjiang -- /home/river/work/mychat/friend_service/src/FriendServer/FriendServer.cpp:181
2024-05-01 21:23:10
[WARNING]user' name:rjiang -- /home/river/work/mychat/friend_service/src/FriendServer/FriendServer.cpp:94
2024-05-01 21:23:10
[WARNING]redisCli is_exist -- /home/river/work/mychat/friend_service/src/FriendServer/redis.cpp:41
2024-05-01 21:23:10
[WARNING]redisCli get_host 2 -- /home/river/work/mychat/friend_service/src/FriendServer/redis.cpp:55
2024-05-01 21:23:10
[WARNING]0 -- /home/river/work/httpserver/src/Tool/Buffer.cpp:64
2024-05-01 21:23:10
[INFO]2 -- /home/river/work/httpserver/src/TcpServer/Connection.cpp:282
2024-05-01 21:23:10
[WARNING]0 -- /home/river/work/httpserver/src/Tool/Buffer.cpp:64
2024-05-01 21:23:10
[INFO]close callback shared_from_this -- /home/river/work/httpserver/src/TcpServer/Connection.cpp:51
2024-05-01 21:23:10
[INFO]connÂ∑≤ÊûêÊûÑ„ÄÇ -- /home/river/work/httpserver/src/TcpServer/Connection.cpp:22
2024-05-01 21:25:09
[INFO]create IO thread(160721). -- /home/river/work/httpserver/src/Tool/ThreadPool.cpp:11
2024-05-01 21:25:09
[INFO]create IO thread(160720). -- /home/river/work/httpserver/src/Tool/ThreadPool.cpp:11
2024-05-01 21:25:09
[INFO]create IO thread(160719). -- /home/river/work/httpserver/src/Tool/ThreadPool.cpp:11
2024-05-01 21:25:09
[INFO]create IO thread(160718). -- /home/river/work/httpserver/src/Tool/ThreadPool.cpp:11
2024-05-01 21:25:26
[INFO]create IO thread(160942). -- /home/river/work/httpserver/src/Tool/ThreadPool.cpp:11
2024-05-01 21:25:26
[INFO]create IO thread(160944). -- /home/river/work/httpserver/src/Tool/ThreadPool.cpp:11
2024-05-01 21:25:26
[INFO]create IO thread(160943). -- /home/river/work/httpserver/src/Tool/ThreadPool.cpp:11
2024-05-01 21:25:26
[INFO]create IO thread(160945). -- /home/river/work/httpserver/src/Tool/ThreadPool.cpp:11
2024-05-01 21:25:32
[INFO]inputbuffer_ size :17 -- /home/river/work/httpserver/src/TcpServer/Connection.cpp:98
2024-05-01 21:25:32
[INFO]2024-05-01 21:25:32 new connection(fd=51,ip=192.168.203.128,port=53816) ok.
 -- /home/river/work/mychat/friend_service/src/FriendServer/FriendServer.cpp:137
2024-05-01 21:25:32
[WARNING]17 -- /home/river/work/httpserver/src/Tool/Buffer.cpp:64
2024-05-01 21:25:32
[INFO]new connection come ! -- /home/river/work/httpserver/src/TcpServer/Acceptor.cpp:30
2024-05-01 21:25:32
[WARNING]TcpServer onmessage -- /home/river/work/httpserver/src/TcpServer/TcpServer.cpp:104
2024-05-01 21:25:32
[WARNING]get user info rjiang -- /home/river/work/mychat/friend_service/src/FriendServer/FriendServer.cpp:181
2024-05-01 21:25:32
[WARNING]0 -- /home/river/work/httpserver/src/Tool/Buffer.cpp:64
2024-05-01 21:25:32
[INFO]10 -- /home/river/work/httpserver/src/TcpServer/Connection.cpp:282
2024-05-01 21:25:32
[WARNING]0 -- /home/river/work/httpserver/src/Tool/Buffer.cpp:64
2024-05-01 21:25:32
[INFO]close callback shared_from_this -- /home/river/work/httpserver/src/TcpServer/Connection.cpp:51
2024-05-01 21:25:32
[INFO]connÂ∑≤ÊûêÊûÑ„ÄÇ -- /home/river/work/httpserver/src/TcpServer/Connection.cpp:22
2024-05-01 21:25:33
[INFO]2024-05-01 21:25:33 new connection(fd=51,ip=192.168.203.128,port=53818) ok.
 -- /home/river/work/mychat/friend_service/src/FriendServer/FriendServer.cpp:137
2024-05-01 21:25:33
[INFO]new connection come ! -- /home/river/work/httpserver/src/TcpServer/Acceptor.cpp:30
2024-05-01 21:25:33
[INFO]inputbuffer_ size :17 -- /home/river/work/httpserver/src/TcpServer/Connection.cpp:98
2024-05-01 21:25:33
[WARNING]17 -- /home/river/work/httpserver/src/Tool/Buffer.cpp:64
2024-05-01 21:25:33
[WARNING]TcpServer onmessage -- /home/river/work/httpserver/src/TcpServer/TcpServer.cpp:104
2024-05-01 21:25:33
[WARNING]add_friend before -- /home/river/work/mychat/friend_service/src/FriendServer/FriendServer.cpp:80
2024-05-01 21:25:33
[WARNING]add_friend after -- /home/river/work/mychat/friend_service/src/FriendServer/FriendServer.cpp:82
2024-05-01 21:25:33
[WARNING]1 -- /home/river/work/mychat/friend_service/src/FriendServer/FriendServer.cpp:83
2024-05-01 21:25:33
[WARNING]friend id:3 -- /home/river/work/mychat/friend_service/src/FriendServer/FriendServer.cpp:84
2024-05-01 21:25:33
[WARNING]redisCli is_exist -- /home/river/work/mychat/friend_service/src/FriendServer/redis.cpp:41
2024-05-01 21:25:33
[WARNING]redisCli get_host 3 -- /home/river/work/mychat/friend_service/src/FriendServer/redis.cpp:55
2024-05-01 21:25:33
[WARNING]redisCli get_host reply is nullptr -- /home/river/work/mychat/friend_service/src/FriendServer/redis.cpp:59
2024-05-01 21:25:33
[WARNING]redisCli is_exist -- /home/river/work/mychat/friend_service/src/FriendServer/redis.cpp:41
2024-05-01 21:25:33
[WARNING]redisCli get_host 2 -- /home/river/work/mychat/friend_service/src/FriendServer/redis.cpp:55
2024-05-01 21:25:33
[WARNING]2 add friend 3 -- /home/river/work/mychat/friend_service/src/FriendServer/FriendServer.cpp:92
2024-05-01 21:25:33
[WARNING]get user info rjiang -- /home/river/work/mychat/friend_service/src/FriendServer/FriendServer.cpp:181
2024-05-01 21:25:33
[WARNING]user' name:rjiang -- /home/river/work/mychat/friend_service/src/FriendServer/FriendServer.cpp:94
2024-05-01 21:25:33
[WARNING]redisCli is_exist -- /home/river/work/mychat/friend_service/src/FriendServer/redis.cpp:41
2024-05-01 21:25:33
[WARNING]redisCli get_host 2 -- /home/river/work/mychat/friend_service/src/FriendServer/redis.cpp:55
2024-05-01 21:25:33
[WARNING]0 -- /home/river/work/httpserver/src/Tool/Buffer.cpp:64
2024-05-01 21:25:33
[INFO]2 -- /home/river/work/httpserver/src/TcpServer/Connection.cpp:282
2024-05-01 21:25:33
[WARNING]0 -- /home/river/work/httpserver/src/Tool/Buffer.cpp:64
2024-05-01 21:25:33
[INFO]close callback shared_from_this -- /home/river/work/httpserver/src/TcpServer/Connection.cpp:51
2024-05-01 21:25:33
[INFO]connÂ∑≤ÊûêÊûÑ„ÄÇ -- /home/river/work/httpserver/src/TcpServer/Connection.cpp:22
2024-05-01 21:25:34
[INFO]2024-05-01 21:25:34 new connection(fd=51,ip=192.168.203.128,port=53824) ok.
 -- /home/river/work/mychat/friend_service/src/FriendServer/FriendServer.cpp:137
2024-05-01 21:25:34
[INFO]inputbuffer_ size :19 -- /home/river/work/httpserver/src/TcpServer/Connection.cpp:98
2024-05-01 21:25:34
[INFO]new connection come ! -- /home/river/work/httpserver/src/TcpServer/Acceptor.cpp:30
2024-05-01 21:25:34
[WARNING]19 -- /home/river/work/httpserver/src/Tool/Buffer.cpp:64
2024-05-01 21:25:34
[WARNING]TcpServer onmessage -- /home/river/work/httpserver/src/TcpServer/TcpServer.cpp:104
2024-05-01 21:25:34
[WARNING]0 -- /home/river/work/httpserver/src/Tool/Buffer.cpp:64
2024-05-01 21:25:34
[INFO]62 -- /home/river/work/httpserver/src/TcpServer/Connection.cpp:282
2024-05-01 21:25:34
[WARNING]0 -- /home/river/work/httpserver/src/Tool/Buffer.cpp:64
2024-05-01 21:25:34
[INFO]close callback shared_from_this -- /home/river/work/httpserver/src/TcpServer/Connection.cpp:51
2024-05-01 21:25:34
[INFO]connÂ∑≤ÊûêÊûÑ„ÄÇ -- /home/river/work/httpserver/src/TcpServer/Connection.cpp:22
2024-05-01 21:25:35
[INFO]2024-05-01 21:25:35 new connection(fd=51,ip=192.168.203.128,port=53828) ok.
 -- /home/river/work/mychat/friend_service/src/FriendServer/FriendServer.cpp:137
2024-05-01 21:25:35
[INFO]new connection come ! -- /home/river/work/httpserver/src/TcpServer/Acceptor.cpp:30
2024-05-01 21:25:35
[INFO]inputbuffer_ size :20 -- /home/river/work/httpserver/src/TcpServer/Connection.cpp:98
2024-05-01 21:25:35
[WARNING]20 -- /home/river/work/httpserver/src/Tool/Buffer.cpp:64
2024-05-01 21:25:35
[WARNING]TcpServer onmessage -- /home/river/work/httpserver/src/TcpServer/TcpServer.cpp:104
2024-05-01 21:25:35
[WARNING]redisCli is_exist -- /home/river/work/mychat/friend_service/src/FriendServer/redis.cpp:41
2024-05-01 21:25:35
[WARNING]redisCli get_host 3 -- /home/river/work/mychat/friend_service/src/FriendServer/redis.cpp:55
2024-05-01 21:25:35
[WARNING]redisCli get_host reply is nullptr -- /home/river/work/mychat/friend_service/src/FriendServer/redis.cpp:59
2024-05-01 21:25:35
[WARNING]redisCli is_exist -- /home/river/work/mychat/friend_service/src/FriendServer/redis.cpp:41
2024-05-01 21:25:35
[WARNING]redisCli get_host 2 -- /home/river/work/mychat/friend_service/src/FriendServer/redis.cpp:55
2024-05-01 21:25:35
[WARNING]get user info rjiang -- /home/river/work/mychat/friend_service/src/FriendServer/FriendServer.cpp:181
2024-05-01 21:25:35
[WARNING]redisCli is_exist -- /home/river/work/mychat/friend_service/src/FriendServer/redis.cpp:41
2024-05-01 21:25:35
[WARNING]redisCli get_host 2 -- /home/river/work/mychat/friend_service/src/FriendServer/redis.cpp:55
2024-05-01 21:25:35
[WARNING]0 -- /home/river/work/httpserver/src/Tool/Buffer.cpp:64
2024-05-01 21:25:35
[INFO]2 -- /home/river/work/httpserver/src/TcpServer/Connection.cpp:282
2024-05-01 21:25:35
[WARNING]0 -- /home/river/work/httpserver/src/Tool/Buffer.cpp:64
2024-05-01 21:25:35
[INFO]close callback shared_from_this -- /home/river/work/httpserver/src/TcpServer/Connection.cpp:51
2024-05-01 21:25:35
[INFO]connÂ∑≤ÊûêÊûÑ„ÄÇ -- /home/river/work/httpserver/src/TcpServer/Connection.cpp:22
2024-05-01 21:25:36
[INFO]2024-05-01 21:25:36 new connection(fd=51,ip=192.168.203.128,port=53832) ok.
 -- /home/river/work/mychat/friend_service/src/FriendServer/FriendServer.cpp:137
2024-05-01 21:25:36
[INFO]new connection come ! -- /home/river/work/httpserver/src/TcpServer/Acceptor.cpp:30
2024-05-01 21:25:36
[INFO]inputbuffer_ size :19 -- /home/river/work/httpserver/src/TcpServer/Connection.cpp:98
2024-05-01 21:25:36
[WARNING]19 -- /home/river/work/httpserver/src/Tool/Buffer.cpp:64
2024-05-01 21:25:36
[WARNING]TcpServer onmessage -- /home/river/work/httpserver/src/TcpServer/TcpServer.cpp:104
2024-05-01 21:25:36
[WARNING]0 -- /home/river/work/httpserver/src/Tool/Buffer.cpp:64
2024-05-01 21:25:36
[INFO]50 -- /home/river/work/httpserver/src/TcpServer/Connection.cpp:282
2024-05-01 21:25:36
[WARNING]0 -- /home/river/work/httpserver/src/Tool/Buffer.cpp:64
2024-05-01 21:25:36
[INFO]close callback shared_from_this -- /home/river/work/httpserver/src/TcpServer/Connection.cpp:51
2024-05-01 21:25:36
[INFO]connÂ∑≤ÊûêÊûÑ„ÄÇ -- /home/river/work/httpserver/src/TcpServer/Connection.cpp:22
2024-05-01 21:25:59
[INFO]2024-05-01 21:25:59 new connection(fd=51,ip=192.168.203.128,port=54606) ok.
 -- /home/river/work/mychat/friend_service/src/FriendServer/FriendServer.cpp:137
2024-05-01 21:25:59
[INFO]new connection come ! -- /home/river/work/httpserver/src/TcpServer/Acceptor.cpp:30
2024-05-01 21:25:59
[INFO]inputbuffer_ size :17 -- /home/river/work/httpserver/src/TcpServer/Connection.cpp:98
2024-05-01 21:25:59
[WARNING]17 -- /home/river/work/httpserver/src/Tool/Buffer.cpp:64
2024-05-01 21:25:59
[WARNING]TcpServer onmessage -- /home/river/work/httpserver/src/TcpServer/TcpServer.cpp:104
2024-05-01 21:25:59
[WARNING]get user info rjiang -- /home/river/work/mychat/friend_service/src/FriendServer/FriendServer.cpp:181
2024-05-01 21:25:59
[WARNING]0 -- /home/river/work/httpserver/src/Tool/Buffer.cpp:64
2024-05-01 21:25:59
[INFO]10 -- /home/river/work/httpserver/src/TcpServer/Connection.cpp:282
2024-05-01 21:25:59
[WARNING]0 -- /home/river/work/httpserver/src/Tool/Buffer.cpp:64
2024-05-01 21:25:59
[INFO]close callback shared_from_this -- /home/river/work/httpserver/src/TcpServer/Connection.cpp:51
2024-05-01 21:25:59
[INFO]connÂ∑≤ÊûêÊûÑ„ÄÇ -- /home/river/work/httpserver/src/TcpServer/Connection.cpp:22
2024-05-01 21:26:00
[INFO]2024-05-01 21:26:00 new connection(fd=51,ip=192.168.203.128,port=54614) ok.
 -- /home/river/work/mychat/friend_service/src/FriendServer/FriendServer.cpp:137
2024-05-01 21:26:00
[INFO]new connection come ! -- /home/river/work/httpserver/src/TcpServer/Acceptor.cpp:30
2024-05-01 21:26:00
[INFO]inputbuffer_ size :17 -- /home/river/work/httpserver/src/TcpServer/Connection.cpp:98
2024-05-01 21:26:00
[WARNING]17 -- /home/river/work/httpserver/src/Tool/Buffer.cpp:64
2024-05-01 21:26:00
[WARNING]TcpServer onmessage -- /home/river/work/httpserver/src/TcpServer/TcpServer.cpp:104
2024-05-01 21:26:00
[WARNING]add_friend before -- /home/river/work/mychat/friend_service/src/FriendServer/FriendServer.cpp:80
2024-05-01 21:26:00
[WARNING]add_friend after -- /home/river/work/mychat/friend_service/src/FriendServer/FriendServer.cpp:82
2024-05-01 21:26:00
[WARNING]1 -- /home/river/work/mychat/friend_service/src/FriendServer/FriendServer.cpp:83
2024-05-01 21:26:00
[WARNING]friend id:3 -- /home/river/work/mychat/friend_service/src/FriendServer/FriendServer.cpp:84
2024-05-01 21:26:00
[WARNING]redisCli is_exist -- /home/river/work/mychat/friend_service/src/FriendServer/redis.cpp:41
2024-05-01 21:26:00
[WARNING]redisCli get_host 3 -- /home/river/work/mychat/friend_service/src/FriendServer/redis.cpp:55
2024-05-01 21:26:00
[WARNING]redisCli get_host reply is nullptr -- /home/river/work/mychat/friend_service/src/FriendServer/redis.cpp:59
2024-05-01 21:26:00
[WARNING]redisCli is_exist -- /home/river/work/mychat/friend_service/src/FriendServer/redis.cpp:41
2024-05-01 21:26:00
[WARNING]redisCli get_host 2 -- /home/river/work/mychat/friend_service/src/FriendServer/redis.cpp:55
2024-05-01 21:26:00
[WARNING]2 add friend 3 -- /home/river/work/mychat/friend_service/src/FriendServer/FriendServer.cpp:92
2024-05-01 21:26:00
[WARNING]get user info rjiang -- /home/river/work/mychat/friend_service/src/FriendServer/FriendServer.cpp:181
2024-05-01 21:26:00
[WARNING]user' name:rjiang -- /home/river/work/mychat/friend_service/src/FriendServer/FriendServer.cpp:94
2024-05-01 21:26:00
[WARNING]redisCli is_exist -- /home/river/work/mychat/friend_service/src/FriendServer/redis.cpp:41
2024-05-01 21:26:00
[WARNING]redisCli get_host 2 -- /home/river/work/mychat/friend_service/src/FriendServer/redis.cpp:55
2024-05-01 21:26:00
[WARNING]0 -- /home/river/work/httpserver/src/Tool/Buffer.cpp:64
2024-05-01 21:26:00
[INFO]2 -- /home/river/work/httpserver/src/TcpServer/Connection.cpp:282
2024-05-01 21:26:00
[WARNING]0 -- /home/river/work/httpserver/src/Tool/Buffer.cpp:64
2024-05-01 21:26:00
[INFO]close callback shared_from_this -- /home/river/work/httpserver/src/TcpServer/Connection.cpp:51
2024-05-01 21:26:00
[INFO]connÂ∑≤ÊûêÊûÑ„ÄÇ -- /home/river/work/httpserver/src/TcpServer/Connection.cpp:22
2024-05-01 21:26:00
[INFO]2024-05-01 21:26:00 new connection(fd=51,ip=192.168.203.128,port=54626) ok.
 -- /home/river/work/mychat/friend_service/src/FriendServer/FriendServer.cpp:137
2024-05-01 21:26:00
[INFO]new connection come ! -- /home/river/work/httpserver/src/TcpServer/Acceptor.cpp:30
2024-05-01 21:26:00
[INFO]inputbuffer_ size :19 -- /home/river/work/httpserver/src/TcpServer/Connection.cpp:98
2024-05-01 21:26:00
[WARNING]19 -- /home/river/work/httpserver/src/Tool/Buffer.cpp:64
2024-05-01 21:26:00
[WARNING]TcpServer onmessage -- /home/river/work/httpserver/src/TcpServer/TcpServer.cpp:104
2024-05-01 21:26:00
[WARNING]0 -- /home/river/work/httpserver/src/Tool/Buffer.cpp:64
2024-05-01 21:26:00
[INFO]14 -- /home/river/work/httpserver/src/TcpServer/Connection.cpp:282
2024-05-01 21:26:00
[WARNING]0 -- /home/river/work/httpserver/src/Tool/Buffer.cpp:64
2024-05-01 21:26:00
[INFO]close callback shared_from_this -- /home/river/work/httpserver/src/TcpServer/Connection.cpp:51
2024-05-01 21:26:00
[INFO]connÂ∑≤ÊûêÊûÑ„ÄÇ -- /home/river/work/httpserver/src/TcpServer/Connection.cpp:22
2024-05-01 21:26:01
[INFO]2024-05-01 21:26:01 new connection(fd=51,ip=192.168.203.128,port=54642) ok.
 -- /home/river/work/mychat/friend_service/src/FriendServer/FriendServer.cpp:137
2024-05-01 21:26:01
[INFO]new connection come ! -- /home/river/work/httpserver/src/TcpServer/Acceptor.cpp:30
2024-05-01 21:26:01
[INFO]inputbuffer_ size :20 -- /home/river/work/httpserver/src/TcpServer/Connection.cpp:98
2024-05-01 21:26:01
[WARNING]20 -- /home/river/work/httpserver/src/Tool/Buffer.cpp:64
2024-05-01 21:26:01
[WARNING]TcpServer onmessage -- /home/river/work/httpserver/src/TcpServer/TcpServer.cpp:104
2024-05-01 21:26:01
[WARNING]redisCli is_exist -- /home/river/work/mychat/friend_service/src/FriendServer/redis.cpp:41
2024-05-01 21:26:01
[WARNING]redisCli get_host 3 -- /home/river/work/mychat/friend_service/src/FriendServer/redis.cpp:55
2024-05-01 21:26:01
[WARNING]redisCli get_host reply is nullptr -- /home/river/work/mychat/friend_service/src/FriendServer/redis.cpp:59
2024-05-01 21:26:01
[WARNING]redisCli is_exist -- /home/river/work/mychat/friend_service/src/FriendServer/redis.cpp:41
2024-05-01 21:26:01
[WARNING]redisCli get_host 2 -- /home/river/work/mychat/friend_service/src/FriendServer/redis.cpp:55
2024-05-01 21:26:01
[WARNING]get user info rjiang -- /home/river/work/mychat/friend_service/src/FriendServer/FriendServer.cpp:181
2024-05-01 21:26:01
[WARNING]redisCli is_exist -- /home/river/work/mychat/friend_service/src/FriendServer/redis.cpp:41
2024-05-01 21:26:01
[WARNING]redisCli get_host 2 -- /home/river/work/mychat/friend_service/src/FriendServer/redis.cpp:55
2024-05-01 21:26:01
[WARNING]0 -- /home/river/work/httpserver/src/Tool/Buffer.cpp:64
2024-05-01 21:26:01
[INFO]2 -- /home/river/work/httpserver/src/TcpServer/Connection.cpp:282
2024-05-01 21:26:01
[WARNING]0 -- /home/river/work/httpserver/src/Tool/Buffer.cpp:64
2024-05-01 21:26:01
[INFO]close callback shared_from_this -- /home/river/work/httpserver/src/TcpServer/Connection.cpp:51
2024-05-01 21:26:01
[INFO]connÂ∑≤ÊûêÊûÑ„ÄÇ -- /home/river/work/httpserver/src/TcpServer/Connection.cpp:22
2024-05-01 21:26:02
[INFO]inputbuffer_ size :19 -- /home/river/work/httpserver/src/TcpServer/Connection.cpp:98
2024-05-01 21:26:02
[WARNING]19 -- /home/river/work/httpserver/src/Tool/Buffer.cpp:64
2024-05-01 21:26:02
[WARNING]TcpServer onmessage -- /home/river/work/httpserver/src/TcpServer/TcpServer.cpp:104
2024-05-01 21:26:02
[WARNING]0 -- /home/river/work/httpserver/src/Tool/Buffer.cpp:64
2024-05-01 21:26:02
[INFO]2 -- /home/river/work/httpserver/src/TcpServer/Connection.cpp:282
2024-05-01 21:26:02
[INFO]2024-05-01 21:26:02 new connection(fd=51,ip=192.168.203.128,port=46002) ok.
 -- /home/river/work/mychat/friend_service/src/FriendServer/FriendServer.cpp:137
2024-05-01 21:26:02
[INFO]new connection come ! -- /home/river/work/httpserver/src/TcpServer/Acceptor.cpp:30
2024-05-01 21:26:02
[WARNING]0 -- /home/river/work/httpserver/src/Tool/Buffer.cpp:64
2024-05-01 21:26:02
[INFO]close callback shared_from_this -- /home/river/work/httpserver/src/TcpServer/Connection.cpp:51
2024-05-01 21:26:02
[INFO]connÂ∑≤ÊûêÊûÑ„ÄÇ -- /home/river/work/httpserver/src/TcpServer/Connection.cpp:22
2024-05-01 21:26:29
[INFO]inputbuffer_ size :17 -- /home/river/work/httpserver/src/TcpServer/Connection.cpp:98
2024-05-01 21:26:29
[WARNING]17 -- /home/river/work/httpserver/src/Tool/Buffer.cpp:64
2024-05-01 21:26:29
[INFO]2024-05-01 21:26:29 new connection(fd=51,ip=192.168.203.128,port=38984) ok.
 -- /home/river/work/mychat/friend_service/src/FriendServer/FriendServer.cpp:137
2024-05-01 21:26:29
[WARNING]TcpServer onmessage -- /home/river/work/httpserver/src/TcpServer/TcpServer.cpp:104
2024-05-01 21:26:29
[INFO]new connection come ! -- /home/river/work/httpserver/src/TcpServer/Acceptor.cpp:30
2024-05-01 21:26:29
[WARNING]get user info rjiang -- /home/river/work/mychat/friend_service/src/FriendServer/FriendServer.cpp:181
2024-05-01 21:26:29
[WARNING]0 -- /home/river/work/httpserver/src/Tool/Buffer.cpp:64
2024-05-01 21:26:29
[INFO]10 -- /home/river/work/httpserver/src/TcpServer/Connection.cpp:282
2024-05-01 21:26:29
[WARNING]0 -- /home/river/work/httpserver/src/Tool/Buffer.cpp:64
2024-05-01 21:26:29
[INFO]close callback shared_from_this -- /home/river/work/httpserver/src/TcpServer/Connection.cpp:51
2024-05-01 21:26:29
[INFO]connÂ∑≤ÊûêÊûÑ„ÄÇ -- /home/river/work/httpserver/src/TcpServer/Connection.cpp:22
2024-05-01 21:26:31
[INFO]2024-05-01 21:26:31 new connection(fd=51,ip=192.168.203.128,port=38992) ok.
 -- /home/river/work/mychat/friend_service/src/FriendServer/FriendServer.cpp:137
2024-05-01 21:26:31
[INFO]new connection come ! -- /home/river/work/httpserver/src/TcpServer/Acceptor.cpp:30
2024-05-01 21:26:31
[INFO]inputbuffer_ size :17 -- /home/river/work/httpserver/src/TcpServer/Connection.cpp:98
2024-05-01 21:26:31
[WARNING]17 -- /home/river/work/httpserver/src/Tool/Buffer.cpp:64
2024-05-01 21:26:31
[WARNING]TcpServer onmessage -- /home/river/work/httpserver/src/TcpServer/TcpServer.cpp:104
2024-05-01 21:26:31
[WARNING]get user info riverj -- /home/river/work/mychat/friend_service/src/FriendServer/FriendServer.cpp:181
2024-05-01 21:26:31
[WARNING]0 -- /home/river/work/httpserver/src/Tool/Buffer.cpp:64
2024-05-01 21:26:31
[INFO]10 -- /home/river/work/httpserver/src/TcpServer/Connection.cpp:282
2024-05-01 21:26:31
[WARNING]0 -- /home/river/work/httpserver/src/Tool/Buffer.cpp:64
2024-05-01 21:26:31
[INFO]close callback shared_from_this -- /home/river/work/httpserver/src/TcpServer/Connection.cpp:51
2024-05-01 21:26:31
[INFO]connÂ∑≤ÊûêÊûÑ„ÄÇ -- /home/river/work/httpserver/src/TcpServer/Connection.cpp:22
2024-05-01 21:26:33
[INFO]2024-05-01 21:26:33 new connection(fd=51,ip=192.168.203.128,port=34634) ok.
 -- /home/river/work/mychat/friend_service/src/FriendServer/FriendServer.cpp:137
2024-05-01 21:26:33
[INFO]new connection come ! -- /home/river/work/httpserver/src/TcpServer/Acceptor.cpp:30
2024-05-01 21:26:33
[INFO]inputbuffer_ size :17 -- /home/river/work/httpserver/src/TcpServer/Connection.cpp:98
2024-05-01 21:26:33
[WARNING]17 -- /home/river/work/httpserver/src/Tool/Buffer.cpp:64
2024-05-01 21:26:33
[WARNING]TcpServer onmessage -- /home/river/work/httpserver/src/TcpServer/TcpServer.cpp:104
2024-05-01 21:26:33
[WARNING]add_friend before -- /home/river/work/mychat/friend_service/src/FriendServer/FriendServer.cpp:80
2024-05-01 21:26:33
[WARNING]add_friend after -- /home/river/work/mychat/friend_service/src/FriendServer/FriendServer.cpp:82
2024-05-01 21:26:33
[WARNING]1 -- /home/river/work/mychat/friend_service/src/FriendServer/FriendServer.cpp:83
2024-05-01 21:26:33
[WARNING]friend id:3 -- /home/river/work/mychat/friend_service/src/FriendServer/FriendServer.cpp:84
2024-05-01 21:26:33
[WARNING]redisCli is_exist -- /home/river/work/mychat/friend_service/src/FriendServer/redis.cpp:41
2024-05-01 21:26:33
[WARNING]redisCli get_host 3 -- /home/river/work/mychat/friend_service/src/FriendServer/redis.cpp:55
2024-05-01 21:26:33
[WARNING]get user info riverj -- /home/river/work/mychat/friend_service/src/FriendServer/FriendServer.cpp:181
2024-05-01 21:26:33
[WARNING]redisCli is_exist -- /home/river/work/mychat/friend_service/src/FriendServer/redis.cpp:41
2024-05-01 21:26:33
[WARNING]redisCli get_host 3 -- /home/river/work/mychat/friend_service/src/FriendServer/redis.cpp:55
2024-05-01 21:26:33
[WARNING]redisCli is_exist -- /home/river/work/mychat/friend_service/src/FriendServer/redis.cpp:41
2024-05-01 21:26:33
[WARNING]redisCli get_host 2 -- /home/river/work/mychat/friend_service/src/FriendServer/redis.cpp:55
2024-05-01 21:26:33
[WARNING]2 add friend 3 -- /home/river/work/mychat/friend_service/src/FriendServer/FriendServer.cpp:92
2024-05-01 21:26:33
[WARNING]get user info rjiang -- /home/river/work/mychat/friend_service/src/FriendServer/FriendServer.cpp:181
2024-05-01 21:26:33
[WARNING]user' name:rjiang -- /home/river/work/mychat/friend_service/src/FriendServer/FriendServer.cpp:94
2024-05-01 21:26:33
[WARNING]redisCli is_exist -- /home/river/work/mychat/friend_service/src/FriendServer/redis.cpp:41
2024-05-01 21:26:33
[WARNING]redisCli get_host 2 -- /home/river/work/mychat/friend_service/src/FriendServer/redis.cpp:55
2024-05-01 21:26:33
[WARNING]0 -- /home/river/work/httpserver/src/Tool/Buffer.cpp:64
2024-05-01 21:26:33
[INFO]2 -- /home/river/work/httpserver/src/TcpServer/Connection.cpp:282
2024-05-01 21:26:33
[WARNING]0 -- /home/river/work/httpserver/src/Tool/Buffer.cpp:64
2024-05-01 21:26:33
[INFO]close callback shared_from_this -- /home/river/work/httpserver/src/TcpServer/Connection.cpp:51
2024-05-01 21:26:33
[INFO]connÂ∑≤ÊûêÊûÑ„ÄÇ -- /home/river/work/httpserver/src/TcpServer/Connection.cpp:22
2024-05-01 21:26:35
[INFO]2024-05-01 21:26:35 new connection(fd=51,ip=192.168.203.128,port=34640) ok.
 -- /home/river/work/mychat/friend_service/src/FriendServer/FriendServer.cpp:137
2024-05-01 21:26:35
[INFO]new connection come ! -- /home/river/work/httpserver/src/TcpServer/Acceptor.cpp:30
2024-05-01 21:26:35
[INFO]inputbuffer_ size :17 -- /home/river/work/httpserver/src/TcpServer/Connection.cpp:98
2024-05-01 21:26:35
[WARNING]17 -- /home/river/work/httpserver/src/Tool/Buffer.cpp:64
2024-05-01 21:26:35
[WARNING]TcpServer onmessage -- /home/river/work/httpserver/src/TcpServer/TcpServer.cpp:104
2024-05-01 21:26:35
[WARNING]add_friend before -- /home/river/work/mychat/friend_service/src/FriendServer/FriendServer.cpp:80
2024-05-01 21:26:35
updata error: insert into Friend values(3,2) -- /home/river/work/SQL_Pool/SQL_connect_pool/src/connect.cpp:29
2024-05-01 21:26:35
updata error: insert into Friend values(2,3) -- /home/river/work/SQL_Pool/SQL_connect_pool/src/connect.cpp:29
2024-05-01 21:26:35
[WARNING]add_friend after -- /home/river/work/mychat/friend_service/src/FriendServer/FriendServer.cpp:82
2024-05-01 21:26:35
[WARNING]0 -- /home/river/work/mychat/friend_service/src/FriendServer/FriendServer.cpp:83
2024-05-01 21:26:35
[WARNING]friend id:2 -- /home/river/work/mychat/friend_service/src/FriendServer/FriendServer.cpp:84
2024-05-01 21:26:35
[WARNING]0 -- /home/river/work/httpserver/src/Tool/Buffer.cpp:64
2024-05-01 21:26:35
[INFO]18 -- /home/river/work/httpserver/src/TcpServer/Connection.cpp:282
2024-05-01 21:26:35
[WARNING]0 -- /home/river/work/httpserver/src/Tool/Buffer.cpp:64
2024-05-01 21:26:35
[INFO]close callback shared_from_this -- /home/river/work/httpserver/src/TcpServer/Connection.cpp:51
2024-05-01 21:26:35
[INFO]connÂ∑≤ÊûêÊûÑ„ÄÇ -- /home/river/work/httpserver/src/TcpServer/Connection.cpp:22
2024-05-01 21:26:40
[INFO]2024-05-01 21:26:40 new connection(fd=51,ip=192.168.203.128,port=34650) ok.
 -- /home/river/work/mychat/friend_service/src/FriendServer/FriendServer.cpp:137
2024-05-01 21:26:40
[INFO]new connection come ! -- /home/river/work/httpserver/src/TcpServer/Acceptor.cpp:30
2024-05-01 21:26:40
[INFO]inputbuffer_ size :19 -- /home/river/work/httpserver/src/TcpServer/Connection.cpp:98
2024-05-01 21:26:40
[WARNING]19 -- /home/river/work/httpserver/src/Tool/Buffer.cpp:64
2024-05-01 21:26:40
[WARNING]TcpServer onmessage -- /home/river/work/httpserver/src/TcpServer/TcpServer.cpp:104
2024-05-01 21:26:40
[WARNING]0 -- /home/river/work/httpserver/src/Tool/Buffer.cpp:64
2024-05-01 21:26:40
[INFO]14 -- /home/river/work/httpserver/src/TcpServer/Connection.cpp:282
2024-05-01 21:26:40
[WARNING]0 -- /home/river/work/httpserver/src/Tool/Buffer.cpp:64
2024-05-01 21:26:40
[INFO]close callback shared_from_this -- /home/river/work/httpserver/src/TcpServer/Connection.cpp:51
2024-05-01 21:26:40
[INFO]connÂ∑≤ÊûêÊûÑ„ÄÇ -- /home/river/work/httpserver/src/TcpServer/Connection.cpp:22
2024-05-01 21:26:43
[INFO]inputbuffer_ size :19 -- /home/river/work/httpserver/src/TcpServer/Connection.cpp:98
2024-05-01 21:26:43
[INFO]2024-05-01 21:26:43 new connection(fd=51,ip=192.168.203.128,port=44972) ok.
 -- /home/river/work/mychat/friend_service/src/FriendServer/FriendServer.cpp:137
2024-05-01 21:26:43
[INFO]new connection come ! -- /home/river/work/httpserver/src/TcpServer/Acceptor.cpp:30
2024-05-01 21:26:43
[WARNING]19 -- /home/river/work/httpserver/src/Tool/Buffer.cpp:64
2024-05-01 21:26:43
[WARNING]TcpServer onmessage -- /home/river/work/httpserver/src/TcpServer/TcpServer.cpp:104
2024-05-01 21:26:43
[WARNING]0 -- /home/river/work/httpserver/src/Tool/Buffer.cpp:64
2024-05-01 21:26:43
[INFO]14 -- /home/river/work/httpserver/src/TcpServer/Connection.cpp:282
2024-05-01 21:26:43
[WARNING]0 -- /home/river/work/httpserver/src/Tool/Buffer.cpp:64
2024-05-01 21:26:43
[INFO]close callback shared_from_this -- /home/river/work/httpserver/src/TcpServer/Connection.cpp:51
2024-05-01 21:26:43
[INFO]connÂ∑≤ÊûêÊûÑ„ÄÇ -- /home/river/work/httpserver/src/TcpServer/Connection.cpp:22
2024-05-01 21:26:48
[INFO]inputbuffer_ size :20 -- /home/river/work/httpserver/src/TcpServer/Connection.cpp:98
2024-05-01 21:26:48
[INFO]2024-05-01 21:26:48 new connection(fd=51,ip=192.168.203.128,port=44978) ok.
 -- /home/river/work/mychat/friend_service/src/FriendServer/FriendServer.cpp:137
2024-05-01 21:26:48
[WARNING]20 -- /home/river/work/httpserver/src/Tool/Buffer.cpp:64
2024-05-01 21:26:48
[INFO]new connection come ! -- /home/river/work/httpserver/src/TcpServer/Acceptor.cpp:30
2024-05-01 21:26:48
[WARNING]TcpServer onmessage -- /home/river/work/httpserver/src/TcpServer/TcpServer.cpp:104
2024-05-01 21:26:48
[WARNING]redisCli is_exist -- /home/river/work/mychat/friend_service/src/FriendServer/redis.cpp:41
2024-05-01 21:26:48
[WARNING]redisCli get_host 2 -- /home/river/work/mychat/friend_service/src/FriendServer/redis.cpp:55
2024-05-01 21:26:48
[WARNING]get user info rjiang -- /home/river/work/mychat/friend_service/src/FriendServer/FriendServer.cpp:181
2024-05-01 21:26:48
[WARNING]redisCli is_exist -- /home/river/work/mychat/friend_service/src/FriendServer/redis.cpp:41
2024-05-01 21:26:48
[WARNING]redisCli get_host 2 -- /home/river/work/mychat/friend_service/src/FriendServer/redis.cpp:55
2024-05-01 21:26:48
[WARNING]redisCli is_exist -- /home/river/work/mychat/friend_service/src/FriendServer/redis.cpp:41
2024-05-01 21:26:48
[WARNING]redisCli get_host 3 -- /home/river/work/mychat/friend_service/src/FriendServer/redis.cpp:55
2024-05-01 21:26:48
[WARNING]get user info riverj -- /home/river/work/mychat/friend_service/src/FriendServer/FriendServer.cpp:181
2024-05-01 21:26:48
[WARNING]redisCli is_exist -- /home/river/work/mychat/friend_service/src/FriendServer/redis.cpp:41
2024-05-01 21:26:48
[WARNING]redisCli get_host 3 -- /home/river/work/mychat/friend_service/src/FriendServer/redis.cpp:55
2024-05-01 21:26:48
[WARNING]0 -- /home/river/work/httpserver/src/Tool/Buffer.cpp:64
2024-05-01 21:26:48
[INFO]2 -- /home/river/work/httpserver/src/TcpServer/Connection.cpp:282
2024-05-01 21:26:48
[WARNING]0 -- /home/river/work/httpserver/src/Tool/Buffer.cpp:64
2024-05-01 21:26:48
[INFO]close callback shared_from_this -- /home/river/work/httpserver/src/TcpServer/Connection.cpp:51
2024-05-01 21:26:48
[INFO]connÂ∑≤ÊûêÊûÑ„ÄÇ -- /home/river/work/httpserver/src/TcpServer/Connection.cpp:22
2024-05-01 21:26:52
[INFO]2024-05-01 21:26:52 new connection(fd=51,ip=192.168.203.128,port=49686) ok.
 -- /home/river/work/mychat/friend_service/src/FriendServer/FriendServer.cpp:137
2024-05-01 21:26:52
[INFO]inputbuffer_ size :20 -- /home/river/work/httpserver/src/TcpServer/Connection.cpp:98
2024-05-01 21:26:52
[WARNING]20 -- /home/river/work/httpserver/src/Tool/Buffer.cpp:64
2024-05-01 21:26:52
[WARNING]TcpServer onmessage -- /home/river/work/httpserver/src/TcpServer/TcpServer.cpp:104
2024-05-01 21:26:52
[INFO]new connection come ! -- /home/river/work/httpserver/src/TcpServer/Acceptor.cpp:30
2024-05-01 21:26:52
[WARNING]redisCli is_exist -- /home/river/work/mychat/friend_service/src/FriendServer/redis.cpp:41
2024-05-01 21:26:52
[WARNING]redisCli get_host 3 -- /home/river/work/mychat/friend_service/src/FriendServer/redis.cpp:55
2024-05-01 21:26:52
[WARNING]get user info riverj -- /home/river/work/mychat/friend_service/src/FriendServer/FriendServer.cpp:181
2024-05-01 21:26:52
[WARNING]redisCli is_exist -- /home/river/work/mychat/friend_service/src/FriendServer/redis.cpp:41
2024-05-01 21:26:52
[WARNING]redisCli get_host 3 -- /home/river/work/mychat/friend_service/src/FriendServer/redis.cpp:55
2024-05-01 21:26:52
[WARNING]redisCli is_exist -- /home/river/work/mychat/friend_service/src/FriendServer/redis.cpp:41
2024-05-01 21:26:52
[WARNING]redisCli get_host 2 -- /home/river/work/mychat/friend_service/src/FriendServer/redis.cpp:55
2024-05-01 21:26:52
[WARNING]get user info rjiang -- /home/river/work/mychat/friend_service/src/FriendServer/FriendServer.cpp:181
2024-05-01 21:26:52
[WARNING]redisCli is_exist -- /home/river/work/mychat/friend_service/src/FriendServer/redis.cpp:41
2024-05-01 21:26:52
[WARNING]redisCli get_host 2 -- /home/river/work/mychat/friend_service/src/FriendServer/redis.cpp:55
2024-05-01 21:26:52
[WARNING]0 -- /home/river/work/httpserver/src/Tool/Buffer.cpp:64
2024-05-01 21:26:52
[INFO]2 -- /home/river/work/httpserver/src/TcpServer/Connection.cpp:282
2024-05-01 21:26:52
[WARNING]0 -- /home/river/work/httpserver/src/Tool/Buffer.cpp:64
2024-05-01 21:26:52
[INFO]close callback shared_from_this -- /home/river/work/httpserver/src/TcpServer/Connection.cpp:51
2024-05-01 21:26:52
[INFO]connÂ∑≤ÊûêÊûÑ„ÄÇ -- /home/river/work/httpserver/src/TcpServer/Connection.cpp:22
2024-05-01 21:26:55
[INFO]2024-05-01 21:26:55 new connection(fd=51,ip=192.168.203.128,port=49700) ok.
 -- /home/river/work/mychat/friend_service/src/FriendServer/FriendServer.cpp:137
2024-05-01 21:26:55
[INFO]new connection come ! -- /home/river/work/httpserver/src/TcpServer/Acceptor.cpp:30
2024-05-01 21:26:55
[INFO]inputbuffer_ size :19 -- /home/river/work/httpserver/src/TcpServer/Connection.cpp:98
2024-05-01 21:26:55
[WARNING]19 -- /home/river/work/httpserver/src/Tool/Buffer.cpp:64
2024-05-01 21:26:55
[WARNING]TcpServer onmessage -- /home/river/work/httpserver/src/TcpServer/TcpServer.cpp:104
2024-05-01 21:26:55
[WARNING]0 -- /home/river/work/httpserver/src/Tool/Buffer.cpp:64
2024-05-01 21:26:55
[INFO]2 -- /home/river/work/httpserver/src/TcpServer/Connection.cpp:282
2024-05-01 21:26:55
[WARNING]0 -- /home/river/work/httpserver/src/Tool/Buffer.cpp:64
2024-05-01 21:26:55
[INFO]close callback shared_from_this -- /home/river/work/httpserver/src/TcpServer/Connection.cpp:51
2024-05-01 21:26:55
[INFO]connÂ∑≤ÊûêÊûÑ„ÄÇ -- /home/river/work/httpserver/src/TcpServer/Connection.cpp:22
2024-05-01 21:26:57
[INFO]2024-05-01 21:26:57 new connection(fd=51,ip=192.168.203.128,port=49704) ok.
 -- /home/river/work/mychat/friend_service/src/FriendServer/FriendServer.cpp:137
2024-05-01 21:26:57
[INFO]new connection come ! -- /home/river/work/httpserver/src/TcpServer/Acceptor.cpp:30
2024-05-01 21:26:57
[INFO]inputbuffer_ size :19 -- /home/river/work/httpserver/src/TcpServer/Connection.cpp:98
2024-05-01 21:26:57
[WARNING]19 -- /home/river/work/httpserver/src/Tool/Buffer.cpp:64
2024-05-01 21:26:57
[WARNING]TcpServer onmessage -- /home/river/work/httpserver/src/TcpServer/TcpServer.cpp:104
2024-05-01 21:26:57
[WARNING]0 -- /home/river/work/httpserver/src/Tool/Buffer.cpp:64
2024-05-01 21:26:57
[INFO]2 -- /home/river/work/httpserver/src/TcpServer/Connection.cpp:282
2024-05-01 21:26:57
[WARNING]0 -- /home/river/work/httpserver/src/Tool/Buffer.cpp:64
2024-05-01 21:26:57
[INFO]close callback shared_from_this -- /home/river/work/httpserver/src/TcpServer/Connection.cpp:51
2024-05-01 21:26:57
[INFO]connÂ∑≤ÊûêÊûÑ„ÄÇ -- /home/river/work/httpserver/src/TcpServer/Connection.cpp:22
2024-05-02 10:02:01
[INFO]create IO thread(170640). -- /home/river/work/httpserver/src/Tool/ThreadPool.cpp:11
2024-05-02 10:02:01
[INFO]create IO thread(170641). -- /home/river/work/httpserver/src/Tool/ThreadPool.cpp:11
2024-05-02 10:02:01
[INFO]create IO thread(170642). -- /home/river/work/httpserver/src/Tool/ThreadPool.cpp:11
2024-05-02 10:02:01
[INFO]create IO thread(170643). -- /home/river/work/httpserver/src/Tool/ThreadPool.cpp:11
