2024-05-02 12:00:04
[INFO]service_name:OfflineServiceRpc -- /home/river/work/httpserver/src/RpcServer/RpcProvider.cpp:17
2024-05-02 12:00:04
[INFO]method_name:WriteOffline -- /home/river/work/httpserver/src/RpcServer/RpcProvider.cpp:26
2024-05-02 12:00:04
[INFO]method_name:ReadOffline -- /home/river/work/httpserver/src/RpcServer/RpcProvider.cpp:26
2024-05-02 12:00:04
[INFO]create IO thread(182160). -- /home/river/work/httpserver/src/Tool/ThreadPool.cpp:11
2024-05-02 12:00:04
[INFO]create IO thread(182158). -- /home/river/work/httpserver/src/Tool/ThreadPool.cpp:11
2024-05-02 12:00:04
[INFO]create IO thread(182157). -- /home/river/work/httpserver/src/Tool/ThreadPool.cpp:11
2024-05-02 12:00:04
[INFO]create IO thread(182159). -- /home/river/work/httpserver/src/Tool/ThreadPool.cpp:11
2024-05-02 12:00:14
[INFO]service_name:OfflineServiceRpc -- /home/river/work/httpserver/src/RpcServer/RpcProvider.cpp:17
2024-05-02 12:00:14
[INFO]method_name:WriteOffline -- /home/river/work/httpserver/src/RpcServer/RpcProvider.cpp:26
2024-05-02 12:00:14
[INFO]method_name:ReadOffline -- /home/river/work/httpserver/src/RpcServer/RpcProvider.cpp:26
2024-05-02 12:00:14
[INFO]create IO thread(182284). -- /home/river/work/httpserver/src/Tool/ThreadPool.cpp:11
2024-05-02 12:00:14
[INFO]create IO thread(182283). -- /home/river/work/httpserver/src/Tool/ThreadPool.cpp:11
2024-05-02 12:00:14
[INFO]create IO thread(182281). -- /home/river/work/httpserver/src/Tool/ThreadPool.cpp:11
2024-05-02 12:00:14
[INFO]create IO thread(182282). -- /home/river/work/httpserver/src/Tool/ThreadPool.cpp:11
2024-05-02 12:00:25
[INFO]new connection come ! -- /home/river/work/httpserver/src/TcpServer/Acceptor.cpp:30
2024-05-02 12:00:25
[INFO]inputbuffer_ size :40 -- /home/river/work/httpserver/src/TcpServer/Connection.cpp:98
2024-05-02 12:00:25
[WARNING]40 -- /home/river/work/httpserver/src/Tool/Buffer.cpp:64
2024-05-02 12:00:25
[WARNING]TcpServer onmessage -- /home/river/work/httpserver/src/TcpServer/TcpServer.cpp:104
2024-05-02 12:02:30
[INFO]service_name:OfflineServiceRpc -- /home/river/work/httpserver/src/RpcServer/RpcProvider.cpp:17
2024-05-02 12:02:30
[INFO]method_name:WriteOffline -- /home/river/work/httpserver/src/RpcServer/RpcProvider.cpp:26
2024-05-02 12:02:30
[INFO]method_name:ReadOffline -- /home/river/work/httpserver/src/RpcServer/RpcProvider.cpp:26
2024-05-02 12:02:30
[INFO]create IO thread(182939). -- /home/river/work/httpserver/src/Tool/ThreadPool.cpp:11
2024-05-02 12:02:30
[INFO]create IO thread(182940). -- /home/river/work/httpserver/src/Tool/ThreadPool.cpp:11
2024-05-02 12:02:30
[INFO]create IO thread(182941). -- /home/river/work/httpserver/src/Tool/ThreadPool.cpp:11
2024-05-02 12:02:30
[INFO]create IO thread(182942). -- /home/river/work/httpserver/src/Tool/ThreadPool.cpp:11
2024-05-02 12:02:39
[INFO]new connection come ! -- /home/river/work/httpserver/src/TcpServer/Acceptor.cpp:30
2024-05-02 12:02:39
[INFO]inputbuffer_ size :40 -- /home/river/work/httpserver/src/TcpServer/Connection.cpp:98
2024-05-02 12:02:39
[WARNING]40 -- /home/river/work/httpserver/src/Tool/Buffer.cpp:64
2024-05-02 12:02:39
[WARNING]TcpServer onmessage -- /home/river/work/httpserver/src/TcpServer/TcpServer.cpp:104
2024-05-02 12:04:23
[INFO]service_name:OfflineServiceRpc -- /home/river/work/httpserver/src/RpcServer/RpcProvider.cpp:17
2024-05-02 12:04:23
[INFO]method_name:WriteOffline -- /home/river/work/httpserver/src/RpcServer/RpcProvider.cpp:26
2024-05-02 12:04:23
[INFO]method_name:ReadOffline -- /home/river/work/httpserver/src/RpcServer/RpcProvider.cpp:26
2024-05-02 12:04:23
[INFO]create IO thread(183527). -- /home/river/work/httpserver/src/Tool/ThreadPool.cpp:11
2024-05-02 12:04:23
[INFO]create IO thread(183526). -- /home/river/work/httpserver/src/Tool/ThreadPool.cpp:11
2024-05-02 12:04:23
[INFO]create IO thread(183529). -- /home/river/work/httpserver/src/Tool/ThreadPool.cpp:11
2024-05-02 12:04:23
[INFO]create IO thread(183528). -- /home/river/work/httpserver/src/Tool/ThreadPool.cpp:11
2024-05-02 12:04:38
[INFO]inputbuffer_ size :40 -- /home/river/work/httpserver/src/TcpServer/Connection.cpp:98
2024-05-02 12:04:38
[WARNING]40 -- /home/river/work/httpserver/src/Tool/Buffer.cpp:64
2024-05-02 12:04:38
[WARNING]TcpServer onmessage -- /home/river/work/httpserver/src/TcpServer/TcpServer.cpp:104
2024-05-02 12:04:38
[INFO]new connection come ! -- /home/river/work/httpserver/src/TcpServer/Acceptor.cpp:30
2024-05-02 12:04:38
[WARNING]0 -- /home/river/work/httpserver/src/Tool/Buffer.cpp:64
2024-05-02 12:08:38
[INFO]service_name:OfflineServiceRpc -- /home/river/work/httpserver/src/RpcServer/RpcProvider.cpp:17
2024-05-02 12:08:38
[INFO]method_name:WriteOffline -- /home/river/work/httpserver/src/RpcServer/RpcProvider.cpp:26
2024-05-02 12:08:38
[INFO]method_name:ReadOffline -- /home/river/work/httpserver/src/RpcServer/RpcProvider.cpp:26
2024-05-02 12:08:38
[INFO]create IO thread(184449). -- /home/river/work/httpserver/src/Tool/ThreadPool.cpp:11
2024-05-02 12:08:38
[INFO]create IO thread(184448). -- /home/river/work/httpserver/src/Tool/ThreadPool.cpp:11
2024-05-02 12:08:38
[INFO]create IO thread(184447). -- /home/river/work/httpserver/src/Tool/ThreadPool.cpp:11
2024-05-02 12:08:38
[INFO]create IO thread(184446). -- /home/river/work/httpserver/src/Tool/ThreadPool.cpp:11
2024-05-02 12:08:46
[INFO]inputbuffer_ size :40 -- /home/river/work/httpserver/src/TcpServer/Connection.cpp:98
2024-05-02 12:08:46
[WARNING]40 -- /home/river/work/httpserver/src/Tool/Buffer.cpp:64
2024-05-02 12:08:46
[WARNING]TcpServer onmessage -- /home/river/work/httpserver/src/TcpServer/TcpServer.cpp:104
2024-05-02 12:08:46
[INFO]new connection come ! -- /home/river/work/httpserver/src/TcpServer/Acceptor.cpp:30
2024-05-02 12:08:46
[WARNING]0 -- /home/river/work/httpserver/src/Tool/Buffer.cpp:64
2024-05-02 13:39:40
[INFO]service_name:OfflineServiceRpc -- /home/river/work/httpserver/src/RpcServer/RpcProvider.cpp:17
2024-05-02 13:39:40
[INFO]method_name:WriteOffline -- /home/river/work/httpserver/src/RpcServer/RpcProvider.cpp:26
2024-05-02 13:39:40
[INFO]method_name:ReadOffline -- /home/river/work/httpserver/src/RpcServer/RpcProvider.cpp:26
2024-05-02 13:39:40
[INFO]create IO thread(185625). -- /home/river/work/httpserver/src/Tool/ThreadPool.cpp:11
2024-05-02 13:39:40
[INFO]create IO thread(185623). -- /home/river/work/httpserver/src/Tool/ThreadPool.cpp:11
2024-05-02 13:39:40
[INFO]create IO thread(185622). -- /home/river/work/httpserver/src/Tool/ThreadPool.cpp:11
2024-05-02 13:39:40
[INFO]create IO thread(185624). -- /home/river/work/httpserver/src/Tool/ThreadPool.cpp:11
2024-05-02 13:40:11
[INFO]service_name:OfflineServiceRpc -- /home/river/work/httpserver/src/RpcServer/RpcProvider.cpp:17
2024-05-02 13:40:11
[INFO]method_name:WriteOffline -- /home/river/work/httpserver/src/RpcServer/RpcProvider.cpp:26
2024-05-02 13:40:11
[INFO]method_name:ReadOffline -- /home/river/work/httpserver/src/RpcServer/RpcProvider.cpp:26
2024-05-02 13:40:11
[INFO]create IO thread(185882). -- /home/river/work/httpserver/src/Tool/ThreadPool.cpp:11
2024-05-02 13:40:11
[INFO]create IO thread(185883). -- /home/river/work/httpserver/src/Tool/ThreadPool.cpp:11
2024-05-02 13:40:11
[INFO]create IO thread(185884). -- /home/river/work/httpserver/src/Tool/ThreadPool.cpp:11
2024-05-02 13:40:11
[INFO]create IO thread(185885). -- /home/river/work/httpserver/src/Tool/ThreadPool.cpp:11
2024-05-02 13:40:24
[INFO]inputbuffer_ size :49 -- /home/river/work/httpserver/src/TcpServer/Connection.cpp:98
2024-05-02 13:40:24
[WARNING]49 -- /home/river/work/httpserver/src/Tool/Buffer.cpp:64
2024-05-02 13:40:24
[INFO]new connection come ! -- /home/river/work/httpserver/src/TcpServer/Acceptor.cpp:30
2024-05-02 13:40:24
[WARNING]TcpServer onmessage -- /home/river/work/httpserver/src/TcpServer/TcpServer.cpp:104
2024-05-02 13:40:24
[INFO]rpc done callback! -- /home/river/work/httpserver/src/RpcServer/RpcProvider.cpp:160
2024-05-02 13:40:24
[INFO]rpc response size:0 -- /home/river/work/httpserver/src/RpcServer/RpcProvider.cpp:164
2024-05-02 13:40:24
[WARNING]0 -- /home/river/work/httpserver/src/Tool/Buffer.cpp:64
2024-05-02 13:40:24
[INFO]0 -- /home/river/work/httpserver/src/TcpServer/Connection.cpp:282
2024-05-02 13:40:24
[INFO]close callback shared_from_this -- /home/river/work/httpserver/src/TcpServer/Connection.cpp:51
2024-05-02 13:40:24
[INFO]conn已析构。 -- /home/river/work/httpserver/src/TcpServer/Connection.cpp:22
2024-05-02 13:40:33
[INFO]new connection come ! -- /home/river/work/httpserver/src/TcpServer/Acceptor.cpp:30
2024-05-02 13:40:33
[INFO]inputbuffer_ size :40 -- /home/river/work/httpserver/src/TcpServer/Connection.cpp:98
2024-05-02 13:40:33
[WARNING]40 -- /home/river/work/httpserver/src/Tool/Buffer.cpp:64
2024-05-02 13:40:33
[WARNING]TcpServer onmessage -- /home/river/work/httpserver/src/TcpServer/TcpServer.cpp:104
2024-05-02 13:40:33
[INFO]rpc done callback! -- /home/river/work/httpserver/src/RpcServer/RpcProvider.cpp:160
2024-05-02 13:40:33
[INFO]rpc response size:12 -- /home/river/work/httpserver/src/RpcServer/RpcProvider.cpp:164
2024-05-02 13:40:33
[WARNING]0 -- /home/river/work/httpserver/src/Tool/Buffer.cpp:64
2024-05-02 13:40:33
[INFO]12 -- /home/river/work/httpserver/src/TcpServer/Connection.cpp:282
2024-05-02 13:40:33
[INFO]close callback shared_from_this -- /home/river/work/httpserver/src/TcpServer/Connection.cpp:51
2024-05-02 13:40:33
[INFO]conn已析构。 -- /home/river/work/httpserver/src/TcpServer/Connection.cpp:22
2024-05-02 20:39:03
[INFO]service_name:OfflineServiceRpc -- /home/river/work/httpserver/src/RpcServer/RpcProvider.cpp:17
2024-05-02 20:39:03
[INFO]method_name:WriteOffline -- /home/river/work/httpserver/src/RpcServer/RpcProvider.cpp:26
2024-05-02 20:39:03
[INFO]method_name:ReadOffline -- /home/river/work/httpserver/src/RpcServer/RpcProvider.cpp:26
2024-05-02 20:39:03
[INFO]create IO thread(195051). -- /home/river/work/httpserver/src/Tool/ThreadPool.cpp:11
2024-05-02 20:39:03
[INFO]create IO thread(195050). -- /home/river/work/httpserver/src/Tool/ThreadPool.cpp:11
2024-05-02 20:39:03
[INFO]create IO thread(195053). -- /home/river/work/httpserver/src/Tool/ThreadPool.cpp:11
2024-05-02 20:39:03
[INFO]create IO thread(195052). -- /home/river/work/httpserver/src/Tool/ThreadPool.cpp:11
2024-05-02 20:44:14
[INFO]inputbuffer_ size :37 -- /home/river/work/httpserver/src/TcpServer/Connection.cpp:98
2024-05-02 20:44:14
[INFO]new connection come ! -- /home/river/work/httpserver/src/TcpServer/Acceptor.cpp:30
2024-05-02 20:44:14
[WARNING]37 -- /home/river/work/httpserver/src/Tool/Buffer.cpp:64
2024-05-02 20:44:14
[WARNING]TcpServer onmessage -- /home/river/work/httpserver/src/TcpServer/TcpServer.cpp:104
2024-05-02 20:44:14
[INFO]rpc done callback! -- /home/river/work/httpserver/src/RpcServer/RpcProvider.cpp:160
2024-05-02 20:44:14
[INFO]rpc response size:0 -- /home/river/work/httpserver/src/RpcServer/RpcProvider.cpp:164
2024-05-02 20:44:14
[WARNING]0 -- /home/river/work/httpserver/src/Tool/Buffer.cpp:64
2024-05-02 20:44:14
[INFO]0 -- /home/river/work/httpserver/src/TcpServer/Connection.cpp:282
2024-05-02 20:44:14
[INFO]close callback shared_from_this -- /home/river/work/httpserver/src/TcpServer/Connection.cpp:51
2024-05-02 20:44:14
[INFO]conn已析构。 -- /home/river/work/httpserver/src/TcpServer/Connection.cpp:22
2024-05-02 20:54:15
[INFO]new connection come ! -- /home/river/work/httpserver/src/TcpServer/Acceptor.cpp:30
2024-05-02 20:54:15
[INFO]inputbuffer_ size :50 -- /home/river/work/httpserver/src/TcpServer/Connection.cpp:98
2024-05-02 20:54:15
[WARNING]50 -- /home/river/work/httpserver/src/Tool/Buffer.cpp:64
2024-05-02 20:54:15
[WARNING]TcpServer onmessage -- /home/river/work/httpserver/src/TcpServer/TcpServer.cpp:104
2024-05-02 20:54:15
[INFO]rpc done callback! -- /home/river/work/httpserver/src/RpcServer/RpcProvider.cpp:160
2024-05-02 20:54:15
[INFO]rpc response size:0 -- /home/river/work/httpserver/src/RpcServer/RpcProvider.cpp:164
2024-05-02 20:54:15
[WARNING]0 -- /home/river/work/httpserver/src/Tool/Buffer.cpp:64
2024-05-02 20:54:15
[INFO]0 -- /home/river/work/httpserver/src/TcpServer/Connection.cpp:282
2024-05-02 20:54:15
[INFO]close callback shared_from_this -- /home/river/work/httpserver/src/TcpServer/Connection.cpp:51
2024-05-02 20:54:15
[INFO]conn已析构。 -- /home/river/work/httpserver/src/TcpServer/Connection.cpp:22
2024-05-02 20:55:19
[INFO]new connection come ! -- /home/river/work/httpserver/src/TcpServer/Acceptor.cpp:30
2024-05-02 20:55:19
[INFO]inputbuffer_ size :40 -- /home/river/work/httpserver/src/TcpServer/Connection.cpp:98
2024-05-02 20:55:19
[WARNING]40 -- /home/river/work/httpserver/src/Tool/Buffer.cpp:64
2024-05-02 20:55:19
[WARNING]TcpServer onmessage -- /home/river/work/httpserver/src/TcpServer/TcpServer.cpp:104
2024-05-02 20:55:19
[INFO]rpc done callback! -- /home/river/work/httpserver/src/RpcServer/RpcProvider.cpp:160
2024-05-02 20:55:19
[INFO]rpc response size:13 -- /home/river/work/httpserver/src/RpcServer/RpcProvider.cpp:164
2024-05-02 20:55:19
[WARNING]0 -- /home/river/work/httpserver/src/Tool/Buffer.cpp:64
2024-05-02 20:55:19
[INFO]13 -- /home/river/work/httpserver/src/TcpServer/Connection.cpp:282
2024-05-02 20:55:19
[INFO]close callback shared_from_this -- /home/river/work/httpserver/src/TcpServer/Connection.cpp:51
2024-05-02 20:55:19
[INFO]conn已析构。 -- /home/river/work/httpserver/src/TcpServer/Connection.cpp:22
